Using pre-set license
Built from '2021.3/staging' branch; Version is '2021.3.25f1 (68ef2c4f8861) revision 6876972'; Using compiler version '192829333'; Build Type 'Release'
OS: 'Windows 10  (10.0.19045) 64bit Core' Language: 'ru' Physical Memory: 16304 MB
BatchMode: 1, IsHumanControllingUs: 0, StartBugReporterOnCrash: 0, Is64bit: 1, IsPro: 1

COMMAND LINE ARGUMENTS:
D:\Unity\2021.3.25f1\Editor\Unity.exe
-adb2
-batchMode
-noUpm
-name
AssetImportWorker0
-projectPath
D:/Unity/My Project/Space Shooter/Space Shooter
-logFile
Logs/AssetImportWorker0.log
-srvPort
54424
Successfully changed project path to: D:/Unity/My Project/Space Shooter/Space Shooter
D:/Unity/My Project/Space Shooter/Space Shooter
[UnityMemory] Configuration Parameters - Can be set up in boot.config
    "memorysetup-bucket-allocator-granularity=16"
    "memorysetup-bucket-allocator-bucket-count=8"
    "memorysetup-bucket-allocator-block-size=33554432"
    "memorysetup-bucket-allocator-block-count=8"
    "memorysetup-main-allocator-block-size=16777216"
    "memorysetup-thread-allocator-block-size=16777216"
    "memorysetup-gfx-main-allocator-block-size=16777216"
    "memorysetup-gfx-thread-allocator-block-size=16777216"
    "memorysetup-cache-allocator-block-size=4194304"
    "memorysetup-typetree-allocator-block-size=2097152"
    "memorysetup-profiler-bucket-allocator-granularity=16"
    "memorysetup-profiler-bucket-allocator-bucket-count=8"
    "memorysetup-profiler-bucket-allocator-block-size=33554432"
    "memorysetup-profiler-bucket-allocator-block-count=8"
    "memorysetup-profiler-allocator-block-size=16777216"
    "memorysetup-profiler-editor-allocator-block-size=1048576"
    "memorysetup-temp-allocator-size-main=16777216"
    "memorysetup-job-temp-allocator-block-size=2097152"
    "memorysetup-job-temp-allocator-block-size-background=1048576"
    "memorysetup-job-temp-allocator-reduction-small-platforms=262144"
    "memorysetup-temp-allocator-size-background-worker=32768"
    "memorysetup-temp-allocator-size-job-worker=262144"
    "memorysetup-temp-allocator-size-preload-manager=33554432"
    "memorysetup-temp-allocator-size-nav-mesh-worker=65536"
    "memorysetup-temp-allocator-size-audio-worker=65536"
    "memorysetup-temp-allocator-size-cloud-worker=32768"
    "memorysetup-temp-allocator-size-gi-baking-worker=262144"
    "memorysetup-temp-allocator-size-gfx=262144"
Player connection [21872] Host "[IP] 192.168.1.212 [Port] 0 [Flags] 2 [Guid] 2471612929 [EditorId] 2471612929 [Version] 1048832 [Id] WindowsEditor(7,DESKTOP-DE6A90I) [Debug] 1 [PackageName] WindowsEditor [ProjectName] Editor" joined multi-casting on [225.0.0.222:54997]...

Player connection [21872] Host "[IP] 192.168.1.212 [Port] 0 [Flags] 2 [Guid] 2471612929 [EditorId] 2471612929 [Version] 1048832 [Id] WindowsEditor(7,DESKTOP-DE6A90I) [Debug] 1 [PackageName] WindowsEditor [ProjectName] Editor" joined alternative multi-casting on [225.0.0.222:34997]...

Refreshing native plugins compatible for Editor in 35.13 ms, found 3 plugins.
Preloading 0 native plugins for Editor in 0.00 ms.
Initialize engine version: 2021.3.25f1 (68ef2c4f8861)
[Subsystems] Discovering subsystems at path D:/Unity/2021.3.25f1/Editor/Data/Resources/UnitySubsystems
[Subsystems] Discovering subsystems at path D:/Unity/My Project/Space Shooter/Space Shooter/Assets
GfxDevice: creating device client; threaded=0; jobified=0
Direct3D:
    Version:  Direct3D 11.0 [level 11.1]
    Renderer: NVIDIA GeForce GTX 1650 (ID=0x1f91)
    Vendor:   NVIDIA
    VRAM:     3949 MB
    Driver:   31.0.15.2647
Initialize mono
Mono path[0] = 'D:/Unity/2021.3.25f1/Editor/Data/Managed'
Mono path[1] = 'D:/Unity/2021.3.25f1/Editor/Data/MonoBleedingEdge/lib/mono/unityjit-win32'
Mono config path = 'D:/Unity/2021.3.25f1/Editor/Data/MonoBleedingEdge/etc'
Using monoOptions --debugger-agent=transport=dt_socket,embedding=1,server=y,suspend=n,address=127.0.0.1:56408
Begin MonoManager ReloadAssembly
Registering precompiled unity dll's ...
Register platform support module: D:/Unity/2021.3.25f1/Editor/Data/PlaybackEngines/AndroidPlayer/UnityEditor.Android.Extensions.dll
Register platform support module: D:/Unity/2021.3.25f1/Editor/Data/PlaybackEngines/WindowsStandaloneSupport/UnityEditor.WindowsStandalone.Extensions.dll
Registered in 0.002379 seconds.
Native extension for WindowsStandalone target not found
Native extension for Android target not found
Android Extension - Scanning For ADB Devices 220 ms
Refreshing native plugins compatible for Editor in 42.38 ms, found 3 plugins.
Preloading 0 native plugins for Editor in 0.00 ms.
Mono: successfully reloaded assembly
- Completed reload, in  0.858 seconds
Domain Reload Profiling:
	ReloadAssembly (858ms)
		BeginReloadAssembly (76ms)
			ExecutionOrderSort (0ms)
			DisableScriptedObjects (0ms)
			BackupInstance (0ms)
			ReleaseScriptingObjects (0ms)
			CreateAndSetChildDomain (1ms)
		EndReloadAssembly (693ms)
			LoadAssemblies (75ms)
			RebuildTransferFunctionScriptingTraits (0ms)
			SetupTypeCache (119ms)
			ReleaseScriptCaches (0ms)
			RebuildScriptCaches (29ms)
			SetupLoadedEditorAssemblies (485ms)
				LogAssemblyErrors (0ms)
				InitializePlatformSupportModulesInManaged (309ms)
				SetLoadedEditorAssemblies (0ms)
				RefreshPlugins (42ms)
				BeforeProcessingInitializeOnLoad (1ms)
				ProcessInitializeOnLoadAttributes (89ms)
				ProcessInitializeOnLoadMethodAttributes (43ms)
				AfterProcessingInitializeOnLoad (0ms)
				EditorAssembliesLoaded (0ms)
			ExecutionOrderSort2 (0ms)
			AwakeInstancesAfterBackupRestoration (0ms)
Platform modules already initialized, skipping
Registering precompiled user dll's ...
Registered in 0.002569 seconds.
Begin MonoManager ReloadAssembly
Native extension for WindowsStandalone target not found
Native extension for Android target not found
Refreshing native plugins compatible for Editor in 51.23 ms, found 3 plugins.
Preloading 0 native plugins for Editor in 0.00 ms.
Mono: successfully reloaded assembly
- Completed reload, in  0.994 seconds
Domain Reload Profiling:
	ReloadAssembly (995ms)
		BeginReloadAssembly (110ms)
			ExecutionOrderSort (0ms)
			DisableScriptedObjects (6ms)
			BackupInstance (0ms)
			ReleaseScriptingObjects (0ms)
			CreateAndSetChildDomain (19ms)
		EndReloadAssembly (778ms)
			LoadAssemblies (79ms)
			RebuildTransferFunctionScriptingTraits (0ms)
			SetupTypeCache (201ms)
			ReleaseScriptCaches (0ms)
			RebuildScriptCaches (51ms)
			SetupLoadedEditorAssemblies (398ms)
				LogAssemblyErrors (0ms)
				InitializePlatformSupportModulesInManaged (24ms)
				SetLoadedEditorAssemblies (0ms)
				RefreshPlugins (51ms)
				BeforeProcessingInitializeOnLoad (64ms)
				ProcessInitializeOnLoadAttributes (216ms)
				ProcessInitializeOnLoadMethodAttributes (40ms)
				AfterProcessingInitializeOnLoad (2ms)
				EditorAssembliesLoaded (0ms)
			ExecutionOrderSort2 (0ms)
			AwakeInstancesAfterBackupRestoration (5ms)
Platform modules already initialized, skipping
========================================================================
Worker process is ready to serve import requests
Launched and connected shader compiler UnityShaderCompiler.exe after 0.04 seconds
Refreshing native plugins compatible for Editor in 0.69 ms, found 3 plugins.
Preloading 0 native plugins for Editor in 0.00 ms.
Unloading 2154 Unused Serialized files (Serialized files now loaded: 0)
Unloading 30 unused Assets / (284.2 KB). Loaded Objects now: 2640.
Memory consumption went from 117.4 MB to 117.1 MB.
Total: 3.883400 ms (FindLiveObjects: 0.190200 ms CreateObjectMapping: 0.110800 ms MarkObjects: 3.507900 ms  DeleteObjects: 0.073700 ms)

AssetImportParameters requested are different than current active one (requested -> active):
  custom:video-decoder-ogg-theora: a1e56fd34408186e4bbccfd4996cb3dc -> 
  custom:container-muxer-webm: aa71ff27fc2769a1b78a27578f13a17b -> 
  custom:container-demuxer-webm: 4f35f7cbe854078d1ac9338744f61a02 -> 
  custom:video-encoder-webm-vp8: eb34c28f22e8b96e1ab97ce403110664 -> 
  custom:audio-encoder-webm-vorbis: bf7c407c2cedff20999df2af8eb42d56 -> 
  custom:framework-win-MediaFoundation: 216162199b28c13a410421893ffa2e32 -> 
  custom:container-demuxer-ogg: 62fdf1f143b41e24485cea50d1cbac27 -> 
  custom:video-decoder-webm-vp8: 9c59270c3fd7afecdb556c50c9e8de78 -> 
  custom:audio-decoder-ogg-vorbis: bf7c407c2cedff20999df2af8eb42d56 -> 
========================================================================
Received Import Request.
  Time since last request: 1321399.334623 seconds.
  path: Assets/Materials/Materials for Ships/StarSparrow_Yellow.mat
  artifactKey: Guid(5953a6e817e87be4195c31da8fdce334) Importer(815301076,1909f56bfc062723c751e8b465ee728b)
Start importing Assets/Materials/Materials for Ships/StarSparrow_Yellow.mat using Guid(5953a6e817e87be4195c31da8fdce334) Importer(815301076,1909f56bfc062723c751e8b465ee728b)  -> (artifact id: '245a25b91de8460ea5e0c19bec6fc5af') in 0.091016 seconds 
========================================================================
Received Import Request.
  Time since last request: 20.378205 seconds.
  path: Assets/Materials/Materials for Ships/New Material.mat
  artifactKey: Guid(b6587de793b689740a313e5bb9f45f37) Importer(815301076,1909f56bfc062723c751e8b465ee728b)
Start importing Assets/Materials/Materials for Ships/New Material.mat using Guid(b6587de793b689740a313e5bb9f45f37) Importer(815301076,1909f56bfc062723c751e8b465ee728b)  -> (artifact id: 'fa416620d49188fd0cab0510162b279a') in 0.024876 seconds 
========================================================================
Received Prepare
Registering precompiled user dll's ...
Registered in 0.005954 seconds.
Begin MonoManager ReloadAssembly
Native extension for WindowsStandalone target not found
Native extension for Android target not found
Refreshing native plugins compatible for Editor in 0.45 ms, found 3 plugins.
Preloading 0 native plugins for Editor in 0.00 ms.
Mono: successfully reloaded assembly
- Completed reload, in  1.018 seconds
Domain Reload Profiling:
	ReloadAssembly (1019ms)
		BeginReloadAssembly (165ms)
			ExecutionOrderSort (0ms)
			DisableScriptedObjects (6ms)
			BackupInstance (0ms)
			ReleaseScriptingObjects (0ms)
			CreateAndSetChildDomain (43ms)
		EndReloadAssembly (752ms)
			LoadAssemblies (107ms)
			RebuildTransferFunctionScriptingTraits (0ms)
			SetupTypeCache (219ms)
			ReleaseScriptCaches (1ms)
			RebuildScriptCaches (62ms)
			SetupLoadedEditorAssemblies (342ms)
				LogAssemblyErrors (0ms)
				InitializePlatformSupportModulesInManaged (22ms)
				SetLoadedEditorAssemblies (0ms)
				RefreshPlugins (1ms)
				BeforeProcessingInitializeOnLoad (65ms)
				ProcessInitializeOnLoadAttributes (215ms)
				ProcessInitializeOnLoadMethodAttributes (37ms)
				AfterProcessingInitializeOnLoad (3ms)
				EditorAssembliesLoaded (0ms)
			ExecutionOrderSort2 (0ms)
			AwakeInstancesAfterBackupRestoration (7ms)
Platform modules already initialized, skipping
Refreshing native plugins compatible for Editor in 1.54 ms, found 3 plugins.
Preloading 0 native plugins for Editor in 0.00 ms.
Unloading 2145 Unused Serialized files (Serialized files now loaded: 0)
Unloading 17 unused Assets / (31.8 KB). Loaded Objects now: 2685.
Memory consumption went from 116.6 MB to 116.6 MB.
Total: 2.896700 ms (FindLiveObjects: 0.163500 ms CreateObjectMapping: 0.080100 ms MarkObjects: 2.620900 ms  DeleteObjects: 0.031400 ms)

AssetImportParameters requested are different than current active one (requested -> active):
  custom:video-decoder-ogg-theora: a1e56fd34408186e4bbccfd4996cb3dc -> 
  custom:container-muxer-webm: aa71ff27fc2769a1b78a27578f13a17b -> 
  custom:container-demuxer-webm: 4f35f7cbe854078d1ac9338744f61a02 -> 
  custom:video-encoder-webm-vp8: eb34c28f22e8b96e1ab97ce403110664 -> 
  custom:audio-encoder-webm-vorbis: bf7c407c2cedff20999df2af8eb42d56 -> 
  custom:framework-win-MediaFoundation: 216162199b28c13a410421893ffa2e32 -> 
  custom:container-demuxer-ogg: 62fdf1f143b41e24485cea50d1cbac27 -> 
  custom:video-decoder-webm-vp8: 9c59270c3fd7afecdb556c50c9e8de78 -> 
  custom:audio-decoder-ogg-vorbis: bf7c407c2cedff20999df2af8eb42d56 -> 
========================================================================
Received Import Request.
  Time since last request: 58.070734 seconds.
  path: Assets/StarSparrow
  artifactKey: Guid(68ba141d95b38104d9d463ad4786bd32) Importer(815301076,1909f56bfc062723c751e8b465ee728b)
Start importing Assets/StarSparrow using Guid(68ba141d95b38104d9d463ad4786bd32) Importer(815301076,1909f56bfc062723c751e8b465ee728b)  -> (artifact id: 'a993449cd3f996fdd6dc39c0dd5436c0') in 0.010927 seconds 
========================================================================
Received Import Request.
  Time since last request: 3.058485 seconds.
  path: Assets/StarSparrow/Materials
  artifactKey: Guid(0cd1c379b1cdb36418f77d020a27acde) Importer(815301076,1909f56bfc062723c751e8b465ee728b)
Start importing Assets/StarSparrow/Materials using Guid(0cd1c379b1cdb36418f77d020a27acde) Importer(815301076,1909f56bfc062723c751e8b465ee728b)  -> (artifact id: 'c33124a75f80195d5ebea08309d5bf3c') in 0.001837 seconds 
========================================================================
Received Import Request.
  Time since last request: 0.045369 seconds.
  path: Assets/StarSparrow/Materials/StarSparrow_Blue.mat
  artifactKey: Guid(69d393aa2d52fd34f80a48e88145a81c) Importer(815301076,1909f56bfc062723c751e8b465ee728b)
Start importing Assets/StarSparrow/Materials/StarSparrow_Blue.mat using Guid(69d393aa2d52fd34f80a48e88145a81c) Importer(815301076,1909f56bfc062723c751e8b465ee728b)  -> (artifact id: '19dfa6686e771a41e362a9234073bb21') in 0.167463 seconds 
========================================================================
Received Import Request.
  Time since last request: 0.000024 seconds.
  path: Assets/StarSparrow/Materials/StarSparrow_Purple.mat
  artifactKey: Guid(d215bd3bb42e9764da6cb4f2e19fe1fc) Importer(815301076,1909f56bfc062723c751e8b465ee728b)
Start importing Assets/StarSparrow/Materials/StarSparrow_Purple.mat using Guid(d215bd3bb42e9764da6cb4f2e19fe1fc) Importer(815301076,1909f56bfc062723c751e8b465ee728b)  -> (artifact id: '55093aecefd28433cc058248d59ce82e') in 0.106833 seconds 
========================================================================
Received Import Request.
  Time since last request: 0.000028 seconds.
  path: Assets/StarSparrow/Materials/StarSparrow_White.mat
  artifactKey: Guid(2bd34ca215750fc48902c734d2d5d80f) Importer(815301076,1909f56bfc062723c751e8b465ee728b)
Start importing Assets/StarSparrow/Materials/StarSparrow_White.mat using Guid(2bd34ca215750fc48902c734d2d5d80f) Importer(815301076,1909f56bfc062723c751e8b465ee728b)  -> (artifact id: 'a2b5d6505ce90fa1a70ffbffa794a090') in 0.060082 seconds 
========================================================================
Received Import Request.
  Time since last request: 1.447110 seconds.
  path: Assets/StarSparrow/Materials/BonusContent
  artifactKey: Guid(ef302250c453c6d4e87fbc461c7492ab) Importer(815301076,1909f56bfc062723c751e8b465ee728b)
Start importing Assets/StarSparrow/Materials/BonusContent using Guid(ef302250c453c6d4e87fbc461c7492ab) Importer(815301076,1909f56bfc062723c751e8b465ee728b)  -> (artifact id: 'fbedf8435648bba3108a4ec1132acd30') in 0.007340 seconds 
========================================================================
Received Import Request.
  Time since last request: 0.571627 seconds.
  path: Assets/StarSparrow/Materials/BonusContent/AsteroidsLava_Blue.mat
  artifactKey: Guid(e1cac9f87fda27445ac6a54ade344d63) Importer(815301076,1909f56bfc062723c751e8b465ee728b)
Start importing Assets/StarSparrow/Materials/BonusContent/AsteroidsLava_Blue.mat using Guid(e1cac9f87fda27445ac6a54ade344d63) Importer(815301076,1909f56bfc062723c751e8b465ee728b)  -> (artifact id: '4ff2e782484c8e0a919a68ae8742b0fa') in 0.016190 seconds 
========================================================================
Received Import Request.
  Time since last request: 0.000017 seconds.
  path: Assets/StarSparrow/Materials/BonusContent/Missile.mat
  artifactKey: Guid(30d351457dfac9d40a8b07e6426fd177) Importer(815301076,1909f56bfc062723c751e8b465ee728b)
Start importing Assets/StarSparrow/Materials/BonusContent/Missile.mat using Guid(30d351457dfac9d40a8b07e6426fd177) Importer(815301076,1909f56bfc062723c751e8b465ee728b)  -> (artifact id: '5315607a4e9d61e7a1b95b7deb398013') in 0.032032 seconds 
========================================================================
Received Import Request.
  Time since last request: 0.000017 seconds.
  path: Assets/StarSparrow/Materials/BonusContent/TinniuqPlanet.mat
  artifactKey: Guid(58bc1c6f4cc25b942bb7eb6b75c68156) Importer(815301076,1909f56bfc062723c751e8b465ee728b)
Start importing Assets/StarSparrow/Materials/BonusContent/TinniuqPlanet.mat using Guid(58bc1c6f4cc25b942bb7eb6b75c68156) Importer(815301076,1909f56bfc062723c751e8b465ee728b)  -> (artifact id: '1df8de28bc0fad2190fdcee2c8fb399e') in 0.021620 seconds 
========================================================================
Received Import Request.
  Time since last request: 0.000023 seconds.
  path: Assets/StarSparrow/Materials/BonusContent/Grey.mat
  artifactKey: Guid(6b0bf81b9bf769c4cb75da722d4530a0) Importer(815301076,1909f56bfc062723c751e8b465ee728b)
Start importing Assets/StarSparrow/Materials/BonusContent/Grey.mat using Guid(6b0bf81b9bf769c4cb75da722d4530a0) Importer(815301076,1909f56bfc062723c751e8b465ee728b)  -> (artifact id: 'bf3da1941d14d0482b059cba84691217') in 0.013065 seconds 
========================================================================
Received Import Request.
  Time since last request: 0.000016 seconds.
  path: Assets/StarSparrow/Materials/BonusContent/FlyingInsect_Purple.mat
  artifactKey: Guid(cb69702e662a4114aa3a332d2da74996) Importer(815301076,1909f56bfc062723c751e8b465ee728b)
Start importing Assets/StarSparrow/Materials/BonusContent/FlyingInsect_Purple.mat using Guid(cb69702e662a4114aa3a332d2da74996) Importer(815301076,1909f56bfc062723c751e8b465ee728b)  -> (artifact id: '7a79bdbdce1b24f2162b2f35b823514c') in 0.017344 seconds 
========================================================================
Received Import Request.
  Time since last request: 0.000021 seconds.
  path: Assets/StarSparrow/Materials/BonusContent/Mine Sample 1.mat
  artifactKey: Guid(82c97815f01775d4899d78255a373dfe) Importer(815301076,1909f56bfc062723c751e8b465ee728b)
Start importing Assets/StarSparrow/Materials/BonusContent/Mine Sample 1.mat using Guid(82c97815f01775d4899d78255a373dfe) Importer(815301076,1909f56bfc062723c751e8b465ee728b)  -> (artifact id: '98f322f3b93265db2c32f63ae8d9fb51') in 0.014932 seconds 
========================================================================
Received Import Request.
  Time since last request: 1.805519 seconds.
  path: Assets/StarSparrow/Materials/Extra
  artifactKey: Guid(3d5626f2d718a594386f455840c67fdc) Importer(815301076,1909f56bfc062723c751e8b465ee728b)
Start importing Assets/StarSparrow/Materials/Extra using Guid(3d5626f2d718a594386f455840c67fdc) Importer(815301076,1909f56bfc062723c751e8b465ee728b)  -> (artifact id: 'ba65eb52eff3cba68176ef8da35711e1') in 0.008751 seconds 
========================================================================
Received Import Request.
  Time since last request: 0.032834 seconds.
  path: Assets/StarSparrow/Materials/Extra/StarSparrow_Black.mat
  artifactKey: Guid(020568ce6bb9b3245a24630d5282ca24) Importer(815301076,1909f56bfc062723c751e8b465ee728b)
Start importing Assets/StarSparrow/Materials/Extra/StarSparrow_Black.mat using Guid(020568ce6bb9b3245a24630d5282ca24) Importer(815301076,1909f56bfc062723c751e8b465ee728b)  -> (artifact id: '2aa7ae7be8c6ef03068842e2423e6ad7') in 0.054071 seconds 
========================================================================
Received Import Request.
  Time since last request: 0.000057 seconds.
  path: Assets/StarSparrow/Materials/Extra/StarSparrow_Orange.mat
  artifactKey: Guid(8b52c4a2cbd2a8248b7c6e782e73497e) Importer(815301076,1909f56bfc062723c751e8b465ee728b)
Start importing Assets/StarSparrow/Materials/Extra/StarSparrow_Orange.mat using Guid(8b52c4a2cbd2a8248b7c6e782e73497e) Importer(815301076,1909f56bfc062723c751e8b465ee728b)  -> (artifact id: 'b34ad78125b1c7d1fd37066e50b9cae5') in 0.048742 seconds 
========================================================================
Received Import Request.
  Time since last request: 10.162258 seconds.
  path: Assets/Materials/Materials for Ships/StarSparrow_Yellow.mat
  artifactKey: Guid(5953a6e817e87be4195c31da8fdce334) Importer(815301076,1909f56bfc062723c751e8b465ee728b)
Start importing Assets/Materials/Materials for Ships/StarSparrow_Yellow.mat using Guid(5953a6e817e87be4195c31da8fdce334) Importer(815301076,1909f56bfc062723c751e8b465ee728b)  -> (artifact id: '1e43eda0b5dd96008fb9965b2eaeb6e9') in 0.055356 seconds 
========================================================================
Received Prepare
Registering precompiled user dll's ...
Registered in 0.002330 seconds.
Begin MonoManager ReloadAssembly
Native extension for WindowsStandalone target not found
Native extension for Android target not found
Refreshing native plugins compatible for Editor in 0.72 ms, found 3 plugins.
Preloading 0 native plugins for Editor in 0.00 ms.
Mono: successfully reloaded assembly
- Completed reload, in  1.007 seconds
Domain Reload Profiling:
	ReloadAssembly (1007ms)
		BeginReloadAssembly (136ms)
			ExecutionOrderSort (0ms)
			DisableScriptedObjects (6ms)
			BackupInstance (0ms)
			ReleaseScriptingObjects (0ms)
			CreateAndSetChildDomain (33ms)
		EndReloadAssembly (782ms)
			LoadAssemblies (87ms)
			RebuildTransferFunctionScriptingTraits (0ms)
			SetupTypeCache (239ms)
			ReleaseScriptCaches (1ms)
			RebuildScriptCaches (65ms)
			SetupLoadedEditorAssemblies (335ms)
				LogAssemblyErrors (0ms)
				InitializePlatformSupportModulesInManaged (22ms)
				SetLoadedEditorAssemblies (1ms)
				RefreshPlugins (1ms)
				BeforeProcessingInitializeOnLoad (62ms)
				ProcessInitializeOnLoadAttributes (208ms)
				ProcessInitializeOnLoadMethodAttributes (38ms)
				AfterProcessingInitializeOnLoad (4ms)
				EditorAssembliesLoaded (0ms)
			ExecutionOrderSort2 (0ms)
			AwakeInstancesAfterBackupRestoration (8ms)
Platform modules already initialized, skipping
Refreshing native plugins compatible for Editor in 1.47 ms, found 3 plugins.
Preloading 0 native plugins for Editor in 0.00 ms.
Unloading 2143 Unused Serialized files (Serialized files now loaded: 0)
Unloading 17 unused Assets / (31.7 KB). Loaded Objects now: 2688.
Memory consumption went from 116.5 MB to 116.4 MB.
Total: 2.941200 ms (FindLiveObjects: 0.170500 ms CreateObjectMapping: 0.086600 ms MarkObjects: 2.661100 ms  DeleteObjects: 0.022200 ms)

AssetImportParameters requested are different than current active one (requested -> active):
  custom:video-decoder-ogg-theora: a1e56fd34408186e4bbccfd4996cb3dc -> 
  custom:container-muxer-webm: aa71ff27fc2769a1b78a27578f13a17b -> 
  custom:container-demuxer-webm: 4f35f7cbe854078d1ac9338744f61a02 -> 
  custom:video-encoder-webm-vp8: eb34c28f22e8b96e1ab97ce403110664 -> 
  custom:audio-encoder-webm-vorbis: bf7c407c2cedff20999df2af8eb42d56 -> 
  custom:framework-win-MediaFoundation: 216162199b28c13a410421893ffa2e32 -> 
  custom:container-demuxer-ogg: 62fdf1f143b41e24485cea50d1cbac27 -> 
  custom:video-decoder-webm-vp8: 9c59270c3fd7afecdb556c50c9e8de78 -> 
  custom:audio-decoder-ogg-vorbis: bf7c407c2cedff20999df2af8eb42d56 -> 
========================================================================
Received Import Request.
  Time since last request: 56.726303 seconds.
  path: Assets/Materials/Textures/Textured for Ship
  artifactKey: Guid(2e369c01f9f277e4695021e4cd36a53a) Importer(815301076,1909f56bfc062723c751e8b465ee728b)
Start importing Assets/Materials/Textures/Textured for Ship using Guid(2e369c01f9f277e4695021e4cd36a53a) Importer(815301076,1909f56bfc062723c751e8b465ee728b)  -> (artifact id: '68af3644bc191cb49934a3b74d76c1d3') in 0.011950 seconds 
========================================================================
Received Import Request.
  Time since last request: 5.325762 seconds.
  path: Assets
  artifactKey: Guid(00000000000000001000000000000000) Importer(815301076,1909f56bfc062723c751e8b465ee728b)
Start importing Assets using Guid(00000000000000001000000000000000) Importer(815301076,1909f56bfc062723c751e8b465ee728b)  -> (artifact id: '79842766b460edbeab6a34051e857a80') in 0.007091 seconds 
========================================================================
Received Prepare
Registering precompiled user dll's ...
Registered in 0.002801 seconds.
Begin MonoManager ReloadAssembly
Native extension for WindowsStandalone target not found
Native extension for Android target not found
Refreshing native plugins compatible for Editor in 0.46 ms, found 3 plugins.
Preloading 0 native plugins for Editor in 0.00 ms.
Mono: successfully reloaded assembly
- Completed reload, in  0.940 seconds
Domain Reload Profiling:
	ReloadAssembly (941ms)
		BeginReloadAssembly (126ms)
			ExecutionOrderSort (0ms)
			DisableScriptedObjects (8ms)
			BackupInstance (0ms)
			ReleaseScriptingObjects (0ms)
			CreateAndSetChildDomain (29ms)
		EndReloadAssembly (727ms)
			LoadAssemblies (79ms)
			RebuildTransferFunctionScriptingTraits (0ms)
			SetupTypeCache (207ms)
			ReleaseScriptCaches (1ms)
			RebuildScriptCaches (70ms)
			SetupLoadedEditorAssemblies (324ms)
				LogAssemblyErrors (0ms)
				InitializePlatformSupportModulesInManaged (21ms)
				SetLoadedEditorAssemblies (0ms)
				RefreshPlugins (1ms)
				BeforeProcessingInitializeOnLoad (61ms)
				ProcessInitializeOnLoadAttributes (209ms)
				ProcessInitializeOnLoadMethodAttributes (30ms)
				AfterProcessingInitializeOnLoad (3ms)
				EditorAssembliesLoaded (0ms)
			ExecutionOrderSort2 (0ms)
			AwakeInstancesAfterBackupRestoration (6ms)
Platform modules already initialized, skipping
Refreshing native plugins compatible for Editor in 1.38 ms, found 3 plugins.
Preloading 0 native plugins for Editor in 0.00 ms.
Unloading 2145 Unused Serialized files (Serialized files now loaded: 0)
Unloading 17 unused Assets / (31.8 KB). Loaded Objects now: 2691.
Memory consumption went from 116.7 MB to 116.6 MB.
Total: 2.566600 ms (FindLiveObjects: 0.151600 ms CreateObjectMapping: 0.065000 ms MarkObjects: 2.330500 ms  DeleteObjects: 0.018700 ms)

AssetImportParameters requested are different than current active one (requested -> active):
  custom:video-decoder-ogg-theora: a1e56fd34408186e4bbccfd4996cb3dc -> 
  custom:container-muxer-webm: aa71ff27fc2769a1b78a27578f13a17b -> 
  custom:container-demuxer-webm: 4f35f7cbe854078d1ac9338744f61a02 -> 
  custom:video-encoder-webm-vp8: eb34c28f22e8b96e1ab97ce403110664 -> 
  custom:audio-encoder-webm-vorbis: bf7c407c2cedff20999df2af8eb42d56 -> 
  custom:framework-win-MediaFoundation: 216162199b28c13a410421893ffa2e32 -> 
  custom:container-demuxer-ogg: 62fdf1f143b41e24485cea50d1cbac27 -> 
  custom:video-decoder-webm-vp8: 9c59270c3fd7afecdb556c50c9e8de78 -> 
  custom:audio-decoder-ogg-vorbis: bf7c407c2cedff20999df2af8eb42d56 -> 
========================================================================
Received Import Request.
  Time since last request: 28.716087 seconds.
  path: Assets/StarSparrow/Prefabs
  artifactKey: Guid(0aa7bcc0cee9d024fbea84bf0552512f) Importer(815301076,1909f56bfc062723c751e8b465ee728b)
Start importing Assets/StarSparrow/Prefabs using Guid(0aa7bcc0cee9d024fbea84bf0552512f) Importer(815301076,1909f56bfc062723c751e8b465ee728b)  -> (artifact id: '1525c7b6b6ed8f3a5825bcd5bf4f659b') in 0.004912 seconds 
========================================================================
Received Import Request.
  Time since last request: 3.631821 seconds.
  path: Assets/StarSparrow/Textures
  artifactKey: Guid(520e0c05383e58a49bf1eb68ec89148d) Importer(815301076,1909f56bfc062723c751e8b465ee728b)
Start importing Assets/StarSparrow/Textures using Guid(520e0c05383e58a49bf1eb68ec89148d) Importer(815301076,1909f56bfc062723c751e8b465ee728b)  -> (artifact id: 'b5a7f813a6909a6d1818afe82968e439') in 0.001793 seconds 
========================================================================
Received Import Request.
  Time since last request: 0.031172 seconds.
  path: Assets/StarSparrow/Textures/StarSparrow_Black.png
  artifactKey: Guid(206a5b1f7176ecd4691948148171fb16) Importer(815301076,1909f56bfc062723c751e8b465ee728b)
Start importing Assets/StarSparrow/Textures/StarSparrow_Black.png using Guid(206a5b1f7176ecd4691948148171fb16) Importer(815301076,1909f56bfc062723c751e8b465ee728b)  -> (artifact id: '28104124d92b1eed0b2e3b51fb5aa252') in 0.052883 seconds 
========================================================================
Received Import Request.
  Time since last request: 0.000021 seconds.
  path: Assets/StarSparrow/Textures/StarSparrow_Cyan.png
  artifactKey: Guid(3928818884a3a9c41a8d469459870822) Importer(815301076,1909f56bfc062723c751e8b465ee728b)
Start importing Assets/StarSparrow/Textures/StarSparrow_Cyan.png using Guid(3928818884a3a9c41a8d469459870822) Importer(815301076,1909f56bfc062723c751e8b465ee728b)  -> (artifact id: '84a301eae4b11c87e8c5c6f43b4e052f') in 0.033168 seconds 
========================================================================
Received Import Request.
  Time since last request: 0.000016 seconds.
  path: Assets/StarSparrow/Textures/StarSparrow_Yellow.png
  artifactKey: Guid(ca4edc86c640b514c83fdd5a9c439dda) Importer(815301076,1909f56bfc062723c751e8b465ee728b)
Start importing Assets/StarSparrow/Textures/StarSparrow_Yellow.png using Guid(ca4edc86c640b514c83fdd5a9c439dda) Importer(815301076,1909f56bfc062723c751e8b465ee728b)  -> (artifact id: '03ad78d8cde9f7b0694170488160f9b6') in 0.017808 seconds 
========================================================================
Received Import Request.
  Time since last request: 0.000022 seconds.
  path: Assets/StarSparrow/Textures/StarSparrow_Purple.png
  artifactKey: Guid(d1d3cc1b67fbc2146a520fd04ce86e3c) Importer(815301076,1909f56bfc062723c751e8b465ee728b)
Start importing Assets/StarSparrow/Textures/StarSparrow_Purple.png using Guid(d1d3cc1b67fbc2146a520fd04ce86e3c) Importer(815301076,1909f56bfc062723c751e8b465ee728b)  -> (artifact id: 'bcdb6eebdf63bfb072eb976efc032eb0') in 0.019730 seconds 
========================================================================
Received Import Request.
  Time since last request: 0.000030 seconds.
  path: Assets/StarSparrow/Textures/StarSparrow_White.png
  artifactKey: Guid(07e73c410e4389545a8cd3e12dee52b8) Importer(815301076,1909f56bfc062723c751e8b465ee728b)
Start importing Assets/StarSparrow/Textures/StarSparrow_White.png using Guid(07e73c410e4389545a8cd3e12dee52b8) Importer(815301076,1909f56bfc062723c751e8b465ee728b)  -> (artifact id: '5bcf4c86c2733b8c3585558d38b5f2b9') in 0.018905 seconds 
========================================================================
Received Import Request.
  Time since last request: 0.000016 seconds.
  path: Assets/StarSparrow/Textures/StarSparrow_MetallicSmoothness.png
  artifactKey: Guid(d3effaf83ec3f7e42ae598da93a72524) Importer(815301076,1909f56bfc062723c751e8b465ee728b)
Start importing Assets/StarSparrow/Textures/StarSparrow_MetallicSmoothness.png using Guid(d3effaf83ec3f7e42ae598da93a72524) Importer(815301076,1909f56bfc062723c751e8b465ee728b)  -> (artifact id: '12e8343639355873feea8e14c9171869') in 0.028966 seconds 
========================================================================
Received Import Request.
  Time since last request: 0.000020 seconds.
  path: Assets/StarSparrow/Textures/StarSparrow_Green.png
  artifactKey: Guid(834cc5d6ac8c31641a2235a9d4682f1b) Importer(815301076,1909f56bfc062723c751e8b465ee728b)
Start importing Assets/StarSparrow/Textures/StarSparrow_Green.png using Guid(834cc5d6ac8c31641a2235a9d4682f1b) Importer(815301076,1909f56bfc062723c751e8b465ee728b)  -> (artifact id: '6d588061ed46193a731f829236479fb8') in 0.018215 seconds 
========================================================================
Received Import Request.
  Time since last request: 28.983541 seconds.
  path: Assets/Materials/Materials for Ships/StarSparrow_Yellow.mat
  artifactKey: Guid(5953a6e817e87be4195c31da8fdce334) Importer(815301076,1909f56bfc062723c751e8b465ee728b)
Start importing Assets/Materials/Materials for Ships/StarSparrow_Yellow.mat using Guid(5953a6e817e87be4195c31da8fdce334) Importer(815301076,1909f56bfc062723c751e8b465ee728b)  -> (artifact id: '10419a578e4bec43d9c3024d4ba0f4af') in 0.246143 seconds 
========================================================================
Received Prepare
Registering precompiled user dll's ...
Registered in 0.002704 seconds.
Begin MonoManager ReloadAssembly
Native extension for WindowsStandalone target not found
Native extension for Android target not found
Refreshing native plugins compatible for Editor in 0.43 ms, found 3 plugins.
Preloading 0 native plugins for Editor in 0.00 ms.
Mono: successfully reloaded assembly
- Completed reload, in  0.986 seconds
Domain Reload Profiling:
	ReloadAssembly (987ms)
		BeginReloadAssembly (140ms)
			ExecutionOrderSort (0ms)
			DisableScriptedObjects (7ms)
			BackupInstance (0ms)
			ReleaseScriptingObjects (0ms)
			CreateAndSetChildDomain (32ms)
		EndReloadAssembly (756ms)
			LoadAssemblies (95ms)
			RebuildTransferFunctionScriptingTraits (0ms)
			SetupTypeCache (227ms)
			ReleaseScriptCaches (1ms)
			RebuildScriptCaches (62ms)
			SetupLoadedEditorAssemblies (337ms)
				LogAssemblyErrors (0ms)
				InitializePlatformSupportModulesInManaged (22ms)
				SetLoadedEditorAssemblies (0ms)
				RefreshPlugins (0ms)
				BeforeProcessingInitializeOnLoad (71ms)
				ProcessInitializeOnLoadAttributes (210ms)
				ProcessInitializeOnLoadMethodAttributes (31ms)
				AfterProcessingInitializeOnLoad (2ms)
				EditorAssembliesLoaded (0ms)
			ExecutionOrderSort2 (0ms)
			AwakeInstancesAfterBackupRestoration (6ms)
Platform modules already initialized, skipping
Refreshing native plugins compatible for Editor in 1.43 ms, found 3 plugins.
Preloading 0 native plugins for Editor in 0.00 ms.
Unloading 2143 Unused Serialized files (Serialized files now loaded: 0)
Unloading 17 unused Assets / (31.8 KB). Loaded Objects now: 2695.
Memory consumption went from 116.5 MB to 116.5 MB.
Total: 2.453000 ms (FindLiveObjects: 0.154300 ms CreateObjectMapping: 0.074700 ms MarkObjects: 2.205600 ms  DeleteObjects: 0.017400 ms)

AssetImportParameters requested are different than current active one (requested -> active):
  custom:video-decoder-ogg-theora: a1e56fd34408186e4bbccfd4996cb3dc -> 
  custom:container-muxer-webm: aa71ff27fc2769a1b78a27578f13a17b -> 
  custom:container-demuxer-webm: 4f35f7cbe854078d1ac9338744f61a02 -> 
  custom:video-encoder-webm-vp8: eb34c28f22e8b96e1ab97ce403110664 -> 
  custom:audio-encoder-webm-vorbis: bf7c407c2cedff20999df2af8eb42d56 -> 
  custom:framework-win-MediaFoundation: 216162199b28c13a410421893ffa2e32 -> 
  custom:container-demuxer-ogg: 62fdf1f143b41e24485cea50d1cbac27 -> 
  custom:video-decoder-webm-vp8: 9c59270c3fd7afecdb556c50c9e8de78 -> 
  custom:audio-decoder-ogg-vorbis: bf7c407c2cedff20999df2af8eb42d56 -> 
========================================================================
Received Import Request.
  Time since last request: 34.777681 seconds.
  path: Assets/Materials/Materials for Ships/StarSparrow_Yellow.mat
  artifactKey: Guid(5953a6e817e87be4195c31da8fdce334) Importer(815301076,1909f56bfc062723c751e8b465ee728b)
Start importing Assets/Materials/Materials for Ships/StarSparrow_Yellow.mat using Guid(5953a6e817e87be4195c31da8fdce334) Importer(815301076,1909f56bfc062723c751e8b465ee728b)  -> (artifact id: '78a37b06c944e8c564fc63f25fb4e764') in 0.085703 seconds 
========================================================================
Received Prepare
Registering precompiled user dll's ...
Registered in 0.004863 seconds.
Begin MonoManager ReloadAssembly
Native extension for WindowsStandalone target not found
Native extension for Android target not found
Refreshing native plugins compatible for Editor in 0.45 ms, found 3 plugins.
Preloading 0 native plugins for Editor in 0.00 ms.
Mono: successfully reloaded assembly
- Completed reload, in  0.920 seconds
Domain Reload Profiling:
	ReloadAssembly (920ms)
		BeginReloadAssembly (121ms)
			ExecutionOrderSort (0ms)
			DisableScriptedObjects (6ms)
			BackupInstance (0ms)
			ReleaseScriptingObjects (0ms)
			CreateAndSetChildDomain (31ms)
		EndReloadAssembly (717ms)
			LoadAssemblies (75ms)
			RebuildTransferFunctionScriptingTraits (0ms)
			SetupTypeCache (207ms)
			ReleaseScriptCaches (1ms)
			RebuildScriptCaches (54ms)
			SetupLoadedEditorAssemblies (326ms)
				LogAssemblyErrors (0ms)
				InitializePlatformSupportModulesInManaged (21ms)
				SetLoadedEditorAssemblies (0ms)
				RefreshPlugins (1ms)
				BeforeProcessingInitializeOnLoad (67ms)
				ProcessInitializeOnLoadAttributes (198ms)
				ProcessInitializeOnLoadMethodAttributes (37ms)
				AfterProcessingInitializeOnLoad (2ms)
				EditorAssembliesLoaded (0ms)
			ExecutionOrderSort2 (0ms)
			AwakeInstancesAfterBackupRestoration (6ms)
Platform modules already initialized, skipping
Refreshing native plugins compatible for Editor in 1.95 ms, found 3 plugins.
Preloading 0 native plugins for Editor in 0.00 ms.
Unloading 2145 Unused Serialized files (Serialized files now loaded: 0)
Unloading 17 unused Assets / (31.8 KB). Loaded Objects now: 2698.
Memory consumption went from 116.6 MB to 116.6 MB.
Total: 3.875300 ms (FindLiveObjects: 0.201900 ms CreateObjectMapping: 0.158200 ms MarkObjects: 3.485200 ms  DeleteObjects: 0.028500 ms)

AssetImportParameters requested are different than current active one (requested -> active):
  custom:video-decoder-ogg-theora: a1e56fd34408186e4bbccfd4996cb3dc -> 
  custom:container-muxer-webm: aa71ff27fc2769a1b78a27578f13a17b -> 
  custom:container-demuxer-webm: 4f35f7cbe854078d1ac9338744f61a02 -> 
  custom:video-encoder-webm-vp8: eb34c28f22e8b96e1ab97ce403110664 -> 
  custom:audio-encoder-webm-vorbis: bf7c407c2cedff20999df2af8eb42d56 -> 
  custom:framework-win-MediaFoundation: 216162199b28c13a410421893ffa2e32 -> 
  custom:container-demuxer-ogg: 62fdf1f143b41e24485cea50d1cbac27 -> 
  custom:video-decoder-webm-vp8: 9c59270c3fd7afecdb556c50c9e8de78 -> 
  custom:audio-decoder-ogg-vorbis: bf7c407c2cedff20999df2af8eb42d56 -> 
========================================================================
Received Import Request.
  Time since last request: 112.380561 seconds.
  path: Assets/StarSparrow/Textures/Masks
  artifactKey: Guid(bb2b35ff5e2bff64baefaa2fca2a369b) Importer(815301076,1909f56bfc062723c751e8b465ee728b)
Start importing Assets/StarSparrow/Textures/Masks using Guid(bb2b35ff5e2bff64baefaa2fca2a369b) Importer(815301076,1909f56bfc062723c751e8b465ee728b)  -> (artifact id: 'f89f0fdfc3a0a81a9532f8b037330044') in 0.011449 seconds 
========================================================================
Received Import Request.
  Time since last request: 0.065680 seconds.
  path: Assets/StarSparrow/Textures/Masks/StarSparrow_Mask1.png
  artifactKey: Guid(48ecabd530ef79b458ed6f0e9196ddfc) Importer(815301076,1909f56bfc062723c751e8b465ee728b)
Start importing Assets/StarSparrow/Textures/Masks/StarSparrow_Mask1.png using Guid(48ecabd530ef79b458ed6f0e9196ddfc) Importer(815301076,1909f56bfc062723c751e8b465ee728b)  -> (artifact id: '403cc07861455fce050bdf8c4aa812ed') in 0.046155 seconds 
========================================================================
Received Import Request.
  Time since last request: 0.000018 seconds.
  path: Assets/StarSparrow/Textures/Masks/StarSparrow_Neutral.png
  artifactKey: Guid(f695ffcd972587c4bbeac051d94c35b5) Importer(815301076,1909f56bfc062723c751e8b465ee728b)
Start importing Assets/StarSparrow/Textures/Masks/StarSparrow_Neutral.png using Guid(f695ffcd972587c4bbeac051d94c35b5) Importer(815301076,1909f56bfc062723c751e8b465ee728b)  -> (artifact id: 'adac4516111eef56f122f32b78c620f1') in 0.016607 seconds 
========================================================================
Received Import Request.
  Time since last request: 0.000017 seconds.
  path: Assets/StarSparrow/Textures/Masks/StarSparrow_Mask5.png
  artifactKey: Guid(72edd4492c3f56e4981b037f3b6ffa89) Importer(815301076,1909f56bfc062723c751e8b465ee728b)
Start importing Assets/StarSparrow/Textures/Masks/StarSparrow_Mask5.png using Guid(72edd4492c3f56e4981b037f3b6ffa89) Importer(815301076,1909f56bfc062723c751e8b465ee728b)  -> (artifact id: 'ff41778e6b4c98ee7702fec3d06c2b13') in 0.028562 seconds 
========================================================================
Received Import Request.
  Time since last request: 10.961596 seconds.
  path: Assets/StarSparrow/Textures/BonusContent
  artifactKey: Guid(153d205a4b03c9d4cbbc4cdc12e2dba1) Importer(815301076,1909f56bfc062723c751e8b465ee728b)
Start importing Assets/StarSparrow/Textures/BonusContent using Guid(153d205a4b03c9d4cbbc4cdc12e2dba1) Importer(815301076,1909f56bfc062723c751e8b465ee728b)  -> (artifact id: 'ece964d0290da3bcb518bf3edc065d34') in 0.007030 seconds 
========================================================================
Received Import Request.
  Time since last request: 2.243646 seconds.
  path: Assets/StarSparrow/Textures/BonusContent/Asteroids
  artifactKey: Guid(2cf9f05de7a9b1e4c84f5585a8aebc1f) Importer(815301076,1909f56bfc062723c751e8b465ee728b)
Start importing Assets/StarSparrow/Textures/BonusContent/Asteroids using Guid(2cf9f05de7a9b1e4c84f5585a8aebc1f) Importer(815301076,1909f56bfc062723c751e8b465ee728b)  -> (artifact id: 'ec4603c487d6ec599e09023966179003') in 0.007846 seconds 
========================================================================
Received Import Request.
  Time since last request: 1.182823 seconds.
  path: Assets/StarSparrow/Textures/BonusContent/PolygonSpaceship
  artifactKey: Guid(4efcd9b76341be844b45bff9a0e8a1e9) Importer(815301076,1909f56bfc062723c751e8b465ee728b)
Start importing Assets/StarSparrow/Textures/BonusContent/PolygonSpaceship using Guid(4efcd9b76341be844b45bff9a0e8a1e9) Importer(815301076,1909f56bfc062723c751e8b465ee728b)  -> (artifact id: '4bf43c8351c008de7d191d85144ac423') in 0.001663 seconds 
========================================================================
Received Prepare
Registering precompiled user dll's ...
Registered in 0.002510 seconds.
Begin MonoManager ReloadAssembly
Native extension for WindowsStandalone target not found
Native extension for Android target not found
Refreshing native plugins compatible for Editor in 0.43 ms, found 3 plugins.
Preloading 0 native plugins for Editor in 0.00 ms.
Mono: successfully reloaded assembly
- Completed reload, in  0.889 seconds
Domain Reload Profiling:
	ReloadAssembly (890ms)
		BeginReloadAssembly (133ms)
			ExecutionOrderSort (0ms)
			DisableScriptedObjects (7ms)
			BackupInstance (0ms)
			ReleaseScriptingObjects (0ms)
			CreateAndSetChildDomain (37ms)
		EndReloadAssembly (658ms)
			LoadAssemblies (79ms)
			RebuildTransferFunctionScriptingTraits (0ms)
			SetupTypeCache (195ms)
			ReleaseScriptCaches (1ms)
			RebuildScriptCaches (48ms)
			SetupLoadedEditorAssemblies (301ms)
				LogAssemblyErrors (0ms)
				InitializePlatformSupportModulesInManaged (19ms)
				SetLoadedEditorAssemblies (0ms)
				RefreshPlugins (0ms)
				BeforeProcessingInitializeOnLoad (57ms)
				ProcessInitializeOnLoadAttributes (185ms)
				ProcessInitializeOnLoadMethodAttributes (36ms)
				AfterProcessingInitializeOnLoad (2ms)
				EditorAssembliesLoaded (0ms)
			ExecutionOrderSort2 (0ms)
			AwakeInstancesAfterBackupRestoration (6ms)
Platform modules already initialized, skipping
Refreshing native plugins compatible for Editor in 1.40 ms, found 3 plugins.
Preloading 0 native plugins for Editor in 0.00 ms.
Unloading 2143 Unused Serialized files (Serialized files now loaded: 0)
Unloading 17 unused Assets / (31.8 KB). Loaded Objects now: 2701.
Memory consumption went from 116.5 MB to 116.5 MB.
Total: 2.918900 ms (FindLiveObjects: 0.177800 ms CreateObjectMapping: 0.116200 ms MarkObjects: 2.602300 ms  DeleteObjects: 0.021700 ms)

AssetImportParameters requested are different than current active one (requested -> active):
  custom:video-decoder-ogg-theora: a1e56fd34408186e4bbccfd4996cb3dc -> 
  custom:container-muxer-webm: aa71ff27fc2769a1b78a27578f13a17b -> 
  custom:container-demuxer-webm: 4f35f7cbe854078d1ac9338744f61a02 -> 
  custom:video-encoder-webm-vp8: eb34c28f22e8b96e1ab97ce403110664 -> 
  custom:audio-encoder-webm-vorbis: bf7c407c2cedff20999df2af8eb42d56 -> 
  custom:framework-win-MediaFoundation: 216162199b28c13a410421893ffa2e32 -> 
  custom:container-demuxer-ogg: 62fdf1f143b41e24485cea50d1cbac27 -> 
  custom:video-decoder-webm-vp8: 9c59270c3fd7afecdb556c50c9e8de78 -> 
  custom:audio-decoder-ogg-vorbis: bf7c407c2cedff20999df2af8eb42d56 -> 
========================================================================
Received Prepare
Registering precompiled user dll's ...
Registered in 0.003406 seconds.
Begin MonoManager ReloadAssembly
Native extension for WindowsStandalone target not found
Native extension for Android target not found
Refreshing native plugins compatible for Editor in 0.47 ms, found 3 plugins.
Preloading 0 native plugins for Editor in 0.00 ms.
Mono: successfully reloaded assembly
- Completed reload, in  0.951 seconds
Domain Reload Profiling:
	ReloadAssembly (952ms)
		BeginReloadAssembly (123ms)
			ExecutionOrderSort (0ms)
			DisableScriptedObjects (8ms)
			BackupInstance (0ms)
			ReleaseScriptingObjects (0ms)
			CreateAndSetChildDomain (29ms)
		EndReloadAssembly (729ms)
			LoadAssemblies (77ms)
			RebuildTransferFunctionScriptingTraits (0ms)
			SetupTypeCache (199ms)
			ReleaseScriptCaches (1ms)
			RebuildScriptCaches (52ms)
			SetupLoadedEditorAssemblies (345ms)
				LogAssemblyErrors (0ms)
				InitializePlatformSupportModulesInManaged (20ms)
				SetLoadedEditorAssemblies (0ms)
				RefreshPlugins (1ms)
				BeforeProcessingInitializeOnLoad (67ms)
				ProcessInitializeOnLoadAttributes (218ms)
				ProcessInitializeOnLoadMethodAttributes (37ms)
				AfterProcessingInitializeOnLoad (2ms)
				EditorAssembliesLoaded (0ms)
			ExecutionOrderSort2 (0ms)
			AwakeInstancesAfterBackupRestoration (6ms)
Platform modules already initialized, skipping
Refreshing native plugins compatible for Editor in 2.06 ms, found 3 plugins.
Preloading 0 native plugins for Editor in 0.00 ms.
Unloading 2145 Unused Serialized files (Serialized files now loaded: 0)
Unloading 17 unused Assets / (31.8 KB). Loaded Objects now: 2704.
Memory consumption went from 116.7 MB to 116.7 MB.
Total: 2.469700 ms (FindLiveObjects: 0.159200 ms CreateObjectMapping: 0.079900 ms MarkObjects: 2.211200 ms  DeleteObjects: 0.018600 ms)

AssetImportParameters requested are different than current active one (requested -> active):
  custom:video-decoder-ogg-theora: a1e56fd34408186e4bbccfd4996cb3dc -> 
  custom:container-muxer-webm: aa71ff27fc2769a1b78a27578f13a17b -> 
  custom:container-demuxer-webm: 4f35f7cbe854078d1ac9338744f61a02 -> 
  custom:video-encoder-webm-vp8: eb34c28f22e8b96e1ab97ce403110664 -> 
  custom:audio-encoder-webm-vorbis: bf7c407c2cedff20999df2af8eb42d56 -> 
  custom:framework-win-MediaFoundation: 216162199b28c13a410421893ffa2e32 -> 
  custom:container-demuxer-ogg: 62fdf1f143b41e24485cea50d1cbac27 -> 
  custom:video-decoder-webm-vp8: 9c59270c3fd7afecdb556c50c9e8de78 -> 
  custom:audio-decoder-ogg-vorbis: bf7c407c2cedff20999df2af8eb42d56 -> 
========================================================================
Received Import Request.
  Time since last request: 57.940943 seconds.
  path: Assets/StarSparrow/Scenes
  artifactKey: Guid(4616c5636019ab2478d1d46772d7e316) Importer(815301076,1909f56bfc062723c751e8b465ee728b)
Start importing Assets/StarSparrow/Scenes using Guid(4616c5636019ab2478d1d46772d7e316) Importer(815301076,1909f56bfc062723c751e8b465ee728b)  -> (artifact id: 'c770c134b1acebeddae62ef086b7d92c') in 0.010793 seconds 
========================================================================
Received Import Request.
  Time since last request: 1.626663 seconds.
  path: Assets/StarSparrow/Prefabs/BonusContent
  artifactKey: Guid(b481069d0e76fef479ad543caab87096) Importer(815301076,1909f56bfc062723c751e8b465ee728b)
Start importing Assets/StarSparrow/Prefabs/BonusContent using Guid(b481069d0e76fef479ad543caab87096) Importer(815301076,1909f56bfc062723c751e8b465ee728b)  -> (artifact id: '2e87f97a0cb80b3729b5a97593f14400') in 0.007317 seconds 
========================================================================
Received Import Request.
  Time since last request: 0.052622 seconds.
  path: Assets/StarSparrow/Prefabs/BonusContent/Asteroid Lava Blue.prefab
  artifactKey: Guid(f603e71ddc270d54192200e95673e2a6) Importer(815301076,1909f56bfc062723c751e8b465ee728b)
Start importing Assets/StarSparrow/Prefabs/BonusContent/Asteroid Lava Blue.prefab using Guid(f603e71ddc270d54192200e95673e2a6) Importer(815301076,1909f56bfc062723c751e8b465ee728b)  -> (artifact id: 'e4e8a455ed5bb8e40aad6bb1d0cd1d08') in 0.082772 seconds 
========================================================================
Received Import Request.
  Time since last request: 0.000020 seconds.
  path: Assets/StarSparrow/Prefabs/BonusContent/Bomb.prefab
  artifactKey: Guid(54958f8430f04ae4ab653a498c64314c) Importer(815301076,1909f56bfc062723c751e8b465ee728b)
Start importing Assets/StarSparrow/Prefabs/BonusContent/Bomb.prefab using Guid(54958f8430f04ae4ab653a498c64314c) Importer(815301076,1909f56bfc062723c751e8b465ee728b)  -> (artifact id: 'fa1070a79e20c2663e3f3250f579e329') in 0.033665 seconds 
========================================================================
Received Import Request.
  Time since last request: 0.000019 seconds.
  path: Assets/StarSparrow/Prefabs/BonusContent/Mine Sample 2.prefab
  artifactKey: Guid(fa8aadfb07ca2034188c69c6f2ab4624) Importer(815301076,1909f56bfc062723c751e8b465ee728b)
Start importing Assets/StarSparrow/Prefabs/BonusContent/Mine Sample 2.prefab using Guid(fa8aadfb07ca2034188c69c6f2ab4624) Importer(815301076,1909f56bfc062723c751e8b465ee728b)  -> (artifact id: '4959f09c9df4663d785daf0568c011f1') in 0.019274 seconds 
========================================================================
Received Import Request.
  Time since last request: 0.000019 seconds.
  path: Assets/StarSparrow/Prefabs/BonusContent/Missile.prefab
  artifactKey: Guid(8b227e0429c621940acb9e2e8d18d12f) Importer(815301076,1909f56bfc062723c751e8b465ee728b)
Start importing Assets/StarSparrow/Prefabs/BonusContent/Missile.prefab using Guid(8b227e0429c621940acb9e2e8d18d12f) Importer(815301076,1909f56bfc062723c751e8b465ee728b)  -> (artifact id: '2ccaf37f27ed3baec651fb4420e4ee3c') in 0.015599 seconds 
========================================================================
Received Import Request.
  Time since last request: 1.610755 seconds.
  path: Assets/StarSparrow/Prefabs/Examples
  artifactKey: Guid(9034f6cf9057b244784147b5f4bc49c3) Importer(815301076,1909f56bfc062723c751e8b465ee728b)
Start importing Assets/StarSparrow/Prefabs/Examples using Guid(9034f6cf9057b244784147b5f4bc49c3) Importer(815301076,1909f56bfc062723c751e8b465ee728b)  -> (artifact id: '2ce269faee0d8370b484eba1997b0aa2') in 0.007255 seconds 
========================================================================
Received Import Request.
  Time since last request: 0.053307 seconds.
  path: Assets/StarSparrow/Prefabs/Examples/StarSparrow1.prefab
  artifactKey: Guid(f805c7b2f982faf43833878e4f22ae2a) Importer(815301076,1909f56bfc062723c751e8b465ee728b)
Start importing Assets/StarSparrow/Prefabs/Examples/StarSparrow1.prefab using Guid(f805c7b2f982faf43833878e4f22ae2a) Importer(815301076,1909f56bfc062723c751e8b465ee728b)  -> (artifact id: '80ed5534a0774dc60918a6a6a881486b') in 0.057838 seconds 
========================================================================
Received Import Request.
  Time since last request: 0.000024 seconds.
  path: Assets/StarSparrow/Prefabs/Examples/StarSparrow10.prefab
  artifactKey: Guid(fb80d574ec67a7c4e8ef1a14a65990f6) Importer(815301076,1909f56bfc062723c751e8b465ee728b)
Start importing Assets/StarSparrow/Prefabs/Examples/StarSparrow10.prefab using Guid(fb80d574ec67a7c4e8ef1a14a65990f6) Importer(815301076,1909f56bfc062723c751e8b465ee728b)  -> (artifact id: '85be375c7209a879eb9431c63fcb49db') in 0.056379 seconds 
========================================================================
Received Import Request.
  Time since last request: 0.000031 seconds.
  path: Assets/StarSparrow/Prefabs/Examples/StarSparrow13.prefab
  artifactKey: Guid(6647bc14b7f253f4aa7ed042ccbd8304) Importer(815301076,1909f56bfc062723c751e8b465ee728b)
Start importing Assets/StarSparrow/Prefabs/Examples/StarSparrow13.prefab using Guid(6647bc14b7f253f4aa7ed042ccbd8304) Importer(815301076,1909f56bfc062723c751e8b465ee728b)  -> (artifact id: 'd7fdfcf6bdf43fc564207332e1123885') in 0.070006 seconds 
========================================================================
Received Import Request.
  Time since last request: 0.000029 seconds.
  path: Assets/StarSparrow/Prefabs/Examples/StarSparrow15.prefab
  artifactKey: Guid(7ea0027aa6205b044b76dc341d565c7f) Importer(815301076,1909f56bfc062723c751e8b465ee728b)
Start importing Assets/StarSparrow/Prefabs/Examples/StarSparrow15.prefab using Guid(7ea0027aa6205b044b76dc341d565c7f) Importer(815301076,1909f56bfc062723c751e8b465ee728b)  -> (artifact id: '02cecb9bf09c82cac9f1e738ebe4f245') in 0.064823 seconds 
========================================================================
Received Import Request.
  Time since last request: 0.000021 seconds.
  path: Assets/StarSparrow/Prefabs/Examples/StarSparrow14.prefab
  artifactKey: Guid(5706df97cdf27ba49a0f927eb658626d) Importer(815301076,1909f56bfc062723c751e8b465ee728b)
Start importing Assets/StarSparrow/Prefabs/Examples/StarSparrow14.prefab using Guid(5706df97cdf27ba49a0f927eb658626d) Importer(815301076,1909f56bfc062723c751e8b465ee728b)  -> (artifact id: 'bae298820e237254dca078cb387578a7') in 0.058453 seconds 
========================================================================
Received Import Request.
  Time since last request: 0.000025 seconds.
  path: Assets/StarSparrow/Prefabs/Examples/StarSparrow18.prefab
  artifactKey: Guid(fee8124d0a18d2e44b5b8f766d913b80) Importer(815301076,1909f56bfc062723c751e8b465ee728b)
Start importing Assets/StarSparrow/Prefabs/Examples/StarSparrow18.prefab using Guid(fee8124d0a18d2e44b5b8f766d913b80) Importer(815301076,1909f56bfc062723c751e8b465ee728b)  -> (artifact id: 'f00debd6b62aa8a6e423f0b48482c1c9') in 0.057573 seconds 
========================================================================
Received Import Request.
  Time since last request: 0.000032 seconds.
  path: Assets/StarSparrow/Prefabs/Examples/StarSparrow3.prefab
  artifactKey: Guid(e261f7b66a8f0fd4492d87df1eee4222) Importer(815301076,1909f56bfc062723c751e8b465ee728b)
Start importing Assets/StarSparrow/Prefabs/Examples/StarSparrow3.prefab using Guid(e261f7b66a8f0fd4492d87df1eee4222) Importer(815301076,1909f56bfc062723c751e8b465ee728b)  -> (artifact id: '4a6421acda440425bf615cd853bd49b1') in 0.061517 seconds 
========================================================================
Received Import Request.
  Time since last request: 0.000029 seconds.
  path: Assets/StarSparrow/Prefabs/Examples/StarSparrow17.prefab
  artifactKey: Guid(972b4b7d4d0542c4faf5702b3f9f3e27) Importer(815301076,1909f56bfc062723c751e8b465ee728b)
Start importing Assets/StarSparrow/Prefabs/Examples/StarSparrow17.prefab using Guid(972b4b7d4d0542c4faf5702b3f9f3e27) Importer(815301076,1909f56bfc062723c751e8b465ee728b)  -> (artifact id: 'a1ee095f7cf2260e54071cb671abe9e0') in 0.061138 seconds 
========================================================================
Received Import Request.
  Time since last request: 0.000031 seconds.
  path: Assets/StarSparrow/Prefabs/Examples/StarSparrow12.prefab
  artifactKey: Guid(79e4c0d1647edb24e82e40e6b4bcaa7b) Importer(815301076,1909f56bfc062723c751e8b465ee728b)
Start importing Assets/StarSparrow/Prefabs/Examples/StarSparrow12.prefab using Guid(79e4c0d1647edb24e82e40e6b4bcaa7b) Importer(815301076,1909f56bfc062723c751e8b465ee728b)  -> (artifact id: '03fde0e447444c7037626d769274fe2d') in 0.060551 seconds 
========================================================================
Received Import Request.
  Time since last request: 0.000022 seconds.
  path: Assets/StarSparrow/Prefabs/Examples/StarSparrow6.prefab
  artifactKey: Guid(33942a27e06a55e498652847d7d15f99) Importer(815301076,1909f56bfc062723c751e8b465ee728b)
Start importing Assets/StarSparrow/Prefabs/Examples/StarSparrow6.prefab using Guid(33942a27e06a55e498652847d7d15f99) Importer(815301076,1909f56bfc062723c751e8b465ee728b)  -> (artifact id: 'd03197310940435af3653dc55f66deef') in 0.060115 seconds 
========================================================================
Received Import Request.
  Time since last request: 46.276037 seconds.
  path: Assets/Prefabs/StarSparrow1.prefab
  artifactKey: Guid(a5ed343e0eae32544b553df73a923be5) Importer(815301076,1909f56bfc062723c751e8b465ee728b)
Start importing Assets/Prefabs/StarSparrow1.prefab using Guid(a5ed343e0eae32544b553df73a923be5) Importer(815301076,1909f56bfc062723c751e8b465ee728b)  -> (artifact id: '09e57ee1ef9b36897c4030ffa3b48d63') in 0.050695 seconds 
========================================================================
Received Import Request.
  Time since last request: 154.625391 seconds.
  path: Assets/StarSparrow/SubstancePainter
  artifactKey: Guid(b7e3aedf030594046950311a17db8dad) Importer(815301076,1909f56bfc062723c751e8b465ee728b)
Start importing Assets/StarSparrow/SubstancePainter using Guid(b7e3aedf030594046950311a17db8dad) Importer(815301076,1909f56bfc062723c751e8b465ee728b)  -> (artifact id: '98840021d1242315ab0e1975a4fbb411') in 0.010491 seconds 
========================================================================
Received Import Request.
  Time since last request: 1.377906 seconds.
  path: Assets/StarSparrow/SubstancePainter/StarSparrow.spp
  artifactKey: Guid(2c06486ad35b0db4597ad6996abee48d) Importer(815301076,1909f56bfc062723c751e8b465ee728b)
Start importing Assets/StarSparrow/SubstancePainter/StarSparrow.spp using Guid(2c06486ad35b0db4597ad6996abee48d) Importer(815301076,1909f56bfc062723c751e8b465ee728b)  -> (artifact id: 'ffb69ae7a28e0e54c5c3f38e0205b1aa') in 0.013258 seconds 
========================================================================
Received Import Request.
  Time since last request: 2.551537 seconds.
  path: Assets/StarSparrow/SRP
  artifactKey: Guid(7a23b3a99311f7d44b425948d094a5dd) Importer(815301076,1909f56bfc062723c751e8b465ee728b)
Start importing Assets/StarSparrow/SRP using Guid(7a23b3a99311f7d44b425948d094a5dd) Importer(815301076,1909f56bfc062723c751e8b465ee728b)  -> (artifact id: '7fb52573c947308eaba51e877fde7402') in 0.011555 seconds 
========================================================================
Received Import Request.
  Time since last request: 10.728513 seconds.
  path: Assets/StarSparrow/Readme
  artifactKey: Guid(a168e51bd12d0bc429bb2f08081d3486) Importer(815301076,1909f56bfc062723c751e8b465ee728b)
Start importing Assets/StarSparrow/Readme using Guid(a168e51bd12d0bc429bb2f08081d3486) Importer(815301076,1909f56bfc062723c751e8b465ee728b)  -> (artifact id: '7a5838f0c2a39f147a3b3182e9732ec8') in 0.011382 seconds 
========================================================================
Received Prepare
Registering precompiled user dll's ...
Registered in 0.003914 seconds.
Begin MonoManager ReloadAssembly
Native extension for WindowsStandalone target not found
Native extension for Android target not found
Refreshing native plugins compatible for Editor in 0.62 ms, found 3 plugins.
Preloading 0 native plugins for Editor in 0.00 ms.
Mono: successfully reloaded assembly
- Completed reload, in  1.562 seconds
Domain Reload Profiling:
	ReloadAssembly (1563ms)
		BeginReloadAssembly (209ms)
			ExecutionOrderSort (0ms)
			DisableScriptedObjects (10ms)
			BackupInstance (0ms)
			ReleaseScriptingObjects (0ms)
			CreateAndSetChildDomain (45ms)
		EndReloadAssembly (1184ms)
			LoadAssemblies (158ms)
			RebuildTransferFunctionScriptingTraits (0ms)
			SetupTypeCache (353ms)
			ReleaseScriptCaches (2ms)
			RebuildScriptCaches (101ms)
			SetupLoadedEditorAssemblies (527ms)
				LogAssemblyErrors (0ms)
				InitializePlatformSupportModulesInManaged (33ms)
				SetLoadedEditorAssemblies (1ms)
				RefreshPlugins (1ms)
				BeforeProcessingInitializeOnLoad (112ms)
				ProcessInitializeOnLoadAttributes (320ms)
				ProcessInitializeOnLoadMethodAttributes (55ms)
				AfterProcessingInitializeOnLoad (4ms)
				EditorAssembliesLoaded (0ms)
			ExecutionOrderSort2 (0ms)
			AwakeInstancesAfterBackupRestoration (9ms)
Platform modules already initialized, skipping
Refreshing native plugins compatible for Editor in 3.06 ms, found 3 plugins.
Preloading 0 native plugins for Editor in 0.00 ms.
Unloading 2143 Unused Serialized files (Serialized files now loaded: 0)
Unloading 17 unused Assets / (31.8 KB). Loaded Objects now: 2707.
Memory consumption went from 117.4 MB to 117.4 MB.
Total: 3.865700 ms (FindLiveObjects: 0.211600 ms CreateObjectMapping: 0.127300 ms MarkObjects: 3.497600 ms  DeleteObjects: 0.028100 ms)

AssetImportParameters requested are different than current active one (requested -> active):
  custom:video-decoder-ogg-theora: a1e56fd34408186e4bbccfd4996cb3dc -> 
  custom:container-muxer-webm: aa71ff27fc2769a1b78a27578f13a17b -> 
  custom:container-demuxer-webm: 4f35f7cbe854078d1ac9338744f61a02 -> 
  custom:video-encoder-webm-vp8: eb34c28f22e8b96e1ab97ce403110664 -> 
  custom:audio-encoder-webm-vorbis: bf7c407c2cedff20999df2af8eb42d56 -> 
  custom:framework-win-MediaFoundation: 216162199b28c13a410421893ffa2e32 -> 
  custom:container-demuxer-ogg: 62fdf1f143b41e24485cea50d1cbac27 -> 
  custom:video-decoder-webm-vp8: 9c59270c3fd7afecdb556c50c9e8de78 -> 
  custom:audio-decoder-ogg-vorbis: bf7c407c2cedff20999df2af8eb42d56 -> 
========================================================================
Received Import Request.
  Time since last request: 10.603936 seconds.
  path: Assets/StarSparrow/Prefabs/Modules
  artifactKey: Guid(abdeca0641625854db9264d6a9fe2324) Importer(815301076,1909f56bfc062723c751e8b465ee728b)
Start importing Assets/StarSparrow/Prefabs/Modules using Guid(abdeca0641625854db9264d6a9fe2324) Importer(815301076,1909f56bfc062723c751e8b465ee728b)  -> (artifact id: '1fe860d93ea3ec6c24cc3ccf359de010') in 0.013828 seconds 
========================================================================
Received Import Request.
  Time since last request: 2.524809 seconds.
  path: Assets/StarSparrow/Prefabs/Modules/StarSparrow_Core.prefab
  artifactKey: Guid(328366602c7f9ae4aa29ecb957c7731d) Importer(815301076,1909f56bfc062723c751e8b465ee728b)
Start importing Assets/StarSparrow/Prefabs/Modules/StarSparrow_Core.prefab using Guid(328366602c7f9ae4aa29ecb957c7731d) Importer(815301076,1909f56bfc062723c751e8b465ee728b)  -> (artifact id: 'd87f342145ffeff9e33b1873e9632ef7') in 0.168334 seconds 
========================================================================
Received Import Request.
  Time since last request: 0.000044 seconds.
  path: Assets/StarSparrow/Prefabs/Modules/StarSparrow_Wing_1_Mirrored.prefab
  artifactKey: Guid(c6b3f5b24fac195409550702e5daa40f) Importer(815301076,1909f56bfc062723c751e8b465ee728b)
Start importing Assets/StarSparrow/Prefabs/Modules/StarSparrow_Wing_1_Mirrored.prefab using Guid(c6b3f5b24fac195409550702e5daa40f) Importer(815301076,1909f56bfc062723c751e8b465ee728b)  -> (artifact id: '5548d627c8b22f7f3810c0d0c8b689c8') in 0.091145 seconds 
========================================================================
Received Import Request.
  Time since last request: 0.000042 seconds.
  path: Assets/StarSparrow/Prefabs/Modules/StarSparrow_Weapon.prefab
  artifactKey: Guid(1f78031b7183f2a4498c4cfc761ca60c) Importer(815301076,1909f56bfc062723c751e8b465ee728b)
Start importing Assets/StarSparrow/Prefabs/Modules/StarSparrow_Weapon.prefab using Guid(1f78031b7183f2a4498c4cfc761ca60c) Importer(815301076,1909f56bfc062723c751e8b465ee728b)  -> (artifact id: 'a080a54a4d29bcdd5df91442dabdac30') in 0.085946 seconds 
========================================================================
Received Import Request.
  Time since last request: 0.000023 seconds.
  path: Assets/StarSparrow/Prefabs/Modules/StarSparrow_Weapon_Mirrored.prefab
  artifactKey: Guid(f5a635a64e8270a40aa07137c6d1f162) Importer(815301076,1909f56bfc062723c751e8b465ee728b)
Start importing Assets/StarSparrow/Prefabs/Modules/StarSparrow_Weapon_Mirrored.prefab using Guid(f5a635a64e8270a40aa07137c6d1f162) Importer(815301076,1909f56bfc062723c751e8b465ee728b)  -> (artifact id: 'dfbf2f3f909b0cb6b6be1e463a163b54') in 0.081773 seconds 
========================================================================
Received Import Request.
  Time since last request: 0.000024 seconds.
  path: Assets/StarSparrow/Prefabs/Modules/StarSparrow_Wing_1.prefab
  artifactKey: Guid(b30ca3097cfd8de47aa1ba38578e0c30) Importer(815301076,1909f56bfc062723c751e8b465ee728b)
Start importing Assets/StarSparrow/Prefabs/Modules/StarSparrow_Wing_1.prefab using Guid(b30ca3097cfd8de47aa1ba38578e0c30) Importer(815301076,1909f56bfc062723c751e8b465ee728b)  -> (artifact id: '65d9b033ae7700685ac720506d10e41d') in 0.087070 seconds 
========================================================================
Received Import Request.
  Time since last request: 3.884668 seconds.
  path: Assets/StarSparrow/Prefabs/Modular Examples
  artifactKey: Guid(33e82b7c8602ddc42b2887c9ebae74ec) Importer(815301076,1909f56bfc062723c751e8b465ee728b)
Start importing Assets/StarSparrow/Prefabs/Modular Examples using Guid(33e82b7c8602ddc42b2887c9ebae74ec) Importer(815301076,1909f56bfc062723c751e8b465ee728b)  -> (artifact id: '7828d80c3431223dfa3b054f9a698b29') in 0.008423 seconds 
========================================================================
Received Import Request.
  Time since last request: 0.063831 seconds.
  path: Assets/StarSparrow/Prefabs/Modular Examples/StarSparrow1.prefab
  artifactKey: Guid(0478b1e28fd9831458b0f051b9d2ad8b) Importer(815301076,1909f56bfc062723c751e8b465ee728b)
Start importing Assets/StarSparrow/Prefabs/Modular Examples/StarSparrow1.prefab using Guid(0478b1e28fd9831458b0f051b9d2ad8b) Importer(815301076,1909f56bfc062723c751e8b465ee728b)  -> (artifact id: '332babf7690246ba87f0fb81ff46562b') in 0.003906 seconds 
========================================================================
Received Import Request.
  Time since last request: 0.000017 seconds.
  path: Assets/StarSparrow/Prefabs/Modular Examples/StarSparrow19.prefab
  artifactKey: Guid(7690b2cb20a500246a3f2b3c6e42d9d0) Importer(815301076,1909f56bfc062723c751e8b465ee728b)
Start importing Assets/StarSparrow/Prefabs/Modular Examples/StarSparrow19.prefab using Guid(7690b2cb20a500246a3f2b3c6e42d9d0) Importer(815301076,1909f56bfc062723c751e8b465ee728b)  -> (artifact id: '14636c1b423e32083d38c71c8eb09625') in 0.003716 seconds 
========================================================================
Received Import Request.
  Time since last request: 0.000018 seconds.
  path: Assets/StarSparrow/Prefabs/Modular Examples/StarSparrow18.prefab
  artifactKey: Guid(aae4d5d87da633540b5fbe5ecc1e173b) Importer(815301076,1909f56bfc062723c751e8b465ee728b)
Start importing Assets/StarSparrow/Prefabs/Modular Examples/StarSparrow18.prefab using Guid(aae4d5d87da633540b5fbe5ecc1e173b) Importer(815301076,1909f56bfc062723c751e8b465ee728b)  -> (artifact id: 'f406f6db4c2f8c7c5227607ab04833ab') in 0.003327 seconds 
========================================================================
Received Import Request.
  Time since last request: 0.000017 seconds.
  path: Assets/StarSparrow/Prefabs/Modular Examples/StarSparrow15.prefab
  artifactKey: Guid(89b65df352ec1024c8339534097b1170) Importer(815301076,1909f56bfc062723c751e8b465ee728b)
Start importing Assets/StarSparrow/Prefabs/Modular Examples/StarSparrow15.prefab using Guid(89b65df352ec1024c8339534097b1170) Importer(815301076,1909f56bfc062723c751e8b465ee728b)  -> (artifact id: 'ce08c9d64c625be163a6d52a47ff8f3f') in 0.003179 seconds 
========================================================================
Received Import Request.
  Time since last request: 0.000022 seconds.
  path: Assets/StarSparrow/Prefabs/Modular Examples/StarSparrow14.prefab
  artifactKey: Guid(632e35db17045744396cd464cbd1498f) Importer(815301076,1909f56bfc062723c751e8b465ee728b)
Start importing Assets/StarSparrow/Prefabs/Modular Examples/StarSparrow14.prefab using Guid(632e35db17045744396cd464cbd1498f) Importer(815301076,1909f56bfc062723c751e8b465ee728b)  -> (artifact id: 'c5bb56e8452428e7c5ee5ebbdb94fb76') in 0.003258 seconds 
========================================================================
Received Import Request.
  Time since last request: 0.000019 seconds.
  path: Assets/StarSparrow/Prefabs/Modular Examples/StarSparrow8.prefab
  artifactKey: Guid(821cb84404cdb734481db5d7b905b37a) Importer(815301076,1909f56bfc062723c751e8b465ee728b)
Start importing Assets/StarSparrow/Prefabs/Modular Examples/StarSparrow8.prefab using Guid(821cb84404cdb734481db5d7b905b37a) Importer(815301076,1909f56bfc062723c751e8b465ee728b)  -> (artifact id: '60d3728425a8951782c9f88ce32e714a') in 0.002860 seconds 
========================================================================
Received Import Request.
  Time since last request: 0.000015 seconds.
  path: Assets/StarSparrow/Prefabs/Modular Examples/StarSparrow12.prefab
  artifactKey: Guid(137404c3ccadbc94c8eafe555ab8aaee) Importer(815301076,1909f56bfc062723c751e8b465ee728b)
Start importing Assets/StarSparrow/Prefabs/Modular Examples/StarSparrow12.prefab using Guid(137404c3ccadbc94c8eafe555ab8aaee) Importer(815301076,1909f56bfc062723c751e8b465ee728b)  -> (artifact id: 'e7ad16eb5cd08a082a3245cafda0cfa6') in 0.002811 seconds 
========================================================================
Received Import Request.
  Time since last request: 0.000016 seconds.
  path: Assets/StarSparrow/Prefabs/Modular Examples/StarSparrow11.prefab
  artifactKey: Guid(668f40e714e20ed499014cc822acdb9f) Importer(815301076,1909f56bfc062723c751e8b465ee728b)
Start importing Assets/StarSparrow/Prefabs/Modular Examples/StarSparrow11.prefab using Guid(668f40e714e20ed499014cc822acdb9f) Importer(815301076,1909f56bfc062723c751e8b465ee728b)  -> (artifact id: 'f239e96f5338e0f3b5ec4e636d6ecd84') in 0.003591 seconds 
========================================================================
Received Import Request.
  Time since last request: 0.000019 seconds.
  path: Assets/StarSparrow/Prefabs/Modular Examples/StarSparrow16.prefab
  artifactKey: Guid(a303e95807e2616408f6c4cff0fd3208) Importer(815301076,1909f56bfc062723c751e8b465ee728b)
Start importing Assets/StarSparrow/Prefabs/Modular Examples/StarSparrow16.prefab using Guid(a303e95807e2616408f6c4cff0fd3208) Importer(815301076,1909f56bfc062723c751e8b465ee728b)  -> (artifact id: '1684cd2da298cd5f29b8aedca6cff22c') in 0.003567 seconds 
========================================================================
Received Import Request.
  Time since last request: 0.000018 seconds.
  path: Assets/StarSparrow/Prefabs/Modular Examples/StarSparrow13.prefab
  artifactKey: Guid(aa5781bb5b506524782c6e082a5127e9) Importer(815301076,1909f56bfc062723c751e8b465ee728b)
Start importing Assets/StarSparrow/Prefabs/Modular Examples/StarSparrow13.prefab using Guid(aa5781bb5b506524782c6e082a5127e9) Importer(815301076,1909f56bfc062723c751e8b465ee728b)  -> (artifact id: '88de7f997e0e3b339f6ab809ff7e60d9') in 0.003039 seconds 
========================================================================
Received Import Request.
  Time since last request: 0.000014 seconds.
  path: Assets/StarSparrow/Prefabs/Modular Examples/StarSparrow20.prefab
  artifactKey: Guid(32335393ea400a44681c8f52b5c52015) Importer(815301076,1909f56bfc062723c751e8b465ee728b)
Start importing Assets/StarSparrow/Prefabs/Modular Examples/StarSparrow20.prefab using Guid(32335393ea400a44681c8f52b5c52015) Importer(815301076,1909f56bfc062723c751e8b465ee728b)  -> (artifact id: 'cb352eac882a5e4da6373b14e2083f45') in 0.003536 seconds 
========================================================================
Received Import Request.
  Time since last request: 9.058113 seconds.
  path: Assets/StarSparrow/Prefabs/BonusContent/Asteroid Lava Blue.prefab
  artifactKey: Guid(f603e71ddc270d54192200e95673e2a6) Importer(815301076,1909f56bfc062723c751e8b465ee728b)
Start importing Assets/StarSparrow/Prefabs/BonusContent/Asteroid Lava Blue.prefab using Guid(f603e71ddc270d54192200e95673e2a6) Importer(815301076,1909f56bfc062723c751e8b465ee728b)  -> (artifact id: '887201b6216d4b62c18f32813672c6d9') in 0.013111 seconds 
========================================================================
Received Import Request.
  Time since last request: 0.000015 seconds.
  path: Assets/StarSparrow/Prefabs/BonusContent/Bomb.prefab
  artifactKey: Guid(54958f8430f04ae4ab653a498c64314c) Importer(815301076,1909f56bfc062723c751e8b465ee728b)
Start importing Assets/StarSparrow/Prefabs/BonusContent/Bomb.prefab using Guid(54958f8430f04ae4ab653a498c64314c) Importer(815301076,1909f56bfc062723c751e8b465ee728b)  -> (artifact id: '60ed1caf1504487fdf2edf7dbb7144c1') in 0.031591 seconds 
========================================================================
Received Import Request.
  Time since last request: 0.000013 seconds.
  path: Assets/StarSparrow/Prefabs/BonusContent/Mine Sample 2.prefab
  artifactKey: Guid(fa8aadfb07ca2034188c69c6f2ab4624) Importer(815301076,1909f56bfc062723c751e8b465ee728b)
Start importing Assets/StarSparrow/Prefabs/BonusContent/Mine Sample 2.prefab using Guid(fa8aadfb07ca2034188c69c6f2ab4624) Importer(815301076,1909f56bfc062723c751e8b465ee728b)  -> (artifact id: '434d09dc9d5e7811629ab77e039edef8') in 0.038249 seconds 
========================================================================
Received Import Request.
  Time since last request: 0.000020 seconds.
  path: Assets/StarSparrow/Prefabs/BonusContent/Tinniuq Planet.prefab
  artifactKey: Guid(8c22678d7aa562145804b6f0af7e603a) Importer(815301076,1909f56bfc062723c751e8b465ee728b)
Start importing Assets/StarSparrow/Prefabs/BonusContent/Tinniuq Planet.prefab using Guid(8c22678d7aa562145804b6f0af7e603a) Importer(815301076,1909f56bfc062723c751e8b465ee728b)  -> (artifact id: '5c2a14509faa892252fc456745a58976') in 0.024228 seconds 
========================================================================
Received Import Request.
  Time since last request: 12.784911 seconds.
  path: Assets/StarSparrow/Materials/BonusContent/AsteroidsLava_Blue.mat
  artifactKey: Guid(e1cac9f87fda27445ac6a54ade344d63) Importer(815301076,1909f56bfc062723c751e8b465ee728b)
Start importing Assets/StarSparrow/Materials/BonusContent/AsteroidsLava_Blue.mat using Guid(e1cac9f87fda27445ac6a54ade344d63) Importer(815301076,1909f56bfc062723c751e8b465ee728b)  -> (artifact id: 'acf24c38da06ad97e4936418401d4ca9') in 0.026453 seconds 
========================================================================
Received Import Request.
  Time since last request: 0.000018 seconds.
  path: Assets/StarSparrow/Materials/BonusContent/Missile.mat
  artifactKey: Guid(30d351457dfac9d40a8b07e6426fd177) Importer(815301076,1909f56bfc062723c751e8b465ee728b)
Start importing Assets/StarSparrow/Materials/BonusContent/Missile.mat using Guid(30d351457dfac9d40a8b07e6426fd177) Importer(815301076,1909f56bfc062723c751e8b465ee728b)  -> (artifact id: '4345cdcdd2b580e3799f07459d213fca') in 0.035303 seconds 
========================================================================
Received Import Request.
  Time since last request: 0.000024 seconds.
  path: Assets/StarSparrow/Materials/BonusContent/TinniuqPlanet.mat
  artifactKey: Guid(58bc1c6f4cc25b942bb7eb6b75c68156) Importer(815301076,1909f56bfc062723c751e8b465ee728b)
Start importing Assets/StarSparrow/Materials/BonusContent/TinniuqPlanet.mat using Guid(58bc1c6f4cc25b942bb7eb6b75c68156) Importer(815301076,1909f56bfc062723c751e8b465ee728b)  -> (artifact id: 'c62d933402363e0544d57ef1d4b7574b') in 0.019830 seconds 
========================================================================
Received Import Request.
  Time since last request: 0.000016 seconds.
  path: Assets/StarSparrow/Materials/BonusContent/Mine Sample 2.mat
  artifactKey: Guid(7da0d403d4fb0da40ac018d557c6db89) Importer(815301076,1909f56bfc062723c751e8b465ee728b)
Start importing Assets/StarSparrow/Materials/BonusContent/Mine Sample 2.mat using Guid(7da0d403d4fb0da40ac018d557c6db89) Importer(815301076,1909f56bfc062723c751e8b465ee728b)  -> (artifact id: 'dbe91f2abe4166d6360c5554e74e76e5') in 0.029620 seconds 
========================================================================
Received Import Request.
  Time since last request: 0.000024 seconds.
  path: Assets/StarSparrow/Materials/BonusContent/CloudsRed.mat
  artifactKey: Guid(191ced9846689714398ed909c5e9284a) Importer(815301076,1909f56bfc062723c751e8b465ee728b)
Start importing Assets/StarSparrow/Materials/BonusContent/CloudsRed.mat using Guid(191ced9846689714398ed909c5e9284a) Importer(815301076,1909f56bfc062723c751e8b465ee728b)  -> (artifact id: '53014b453a768bb4cd0336dd255386d9') in 0.052955 seconds 
========================================================================
Received Import Request.
  Time since last request: 169.054213 seconds.
  path: Assets/Meshes/BonusContent
  artifactKey: Guid(88d43d385c2dfc247955b868603593c2) Importer(815301076,1909f56bfc062723c751e8b465ee728b)
Start importing Assets/Meshes/BonusContent using Guid(88d43d385c2dfc247955b868603593c2) Importer(815301076,1909f56bfc062723c751e8b465ee728b)  -> (artifact id: 'f32a0b944d2726e190c0ab82eb2a9e70') in 0.001709 seconds 
========================================================================
Received Import Request.
  Time since last request: 0.064447 seconds.
  path: Assets/Meshes/BonusContent/AsteroidsSample.FBX
  artifactKey: Guid(4514a249f7ca7d44b8eb4cbd48174504) Importer(815301076,1909f56bfc062723c751e8b465ee728b)
Start importing Assets/Meshes/BonusContent/AsteroidsSample.FBX using Guid(4514a249f7ca7d44b8eb4cbd48174504) Importer(815301076,1909f56bfc062723c751e8b465ee728b)  -> (artifact id: '1c9a753a8d8568240b1598440f6079ed') in 0.095073 seconds 
========================================================================
Received Import Request.
  Time since last request: 0.000020 seconds.
  path: Assets/Meshes/BonusContent/FlyingInsects3.FBX
  artifactKey: Guid(b2359fd8578c87649ad70d6001527479) Importer(815301076,1909f56bfc062723c751e8b465ee728b)
Start importing Assets/Meshes/BonusContent/FlyingInsects3.FBX using Guid(b2359fd8578c87649ad70d6001527479) Importer(815301076,1909f56bfc062723c751e8b465ee728b)  -> (artifact id: '3c500f10a6ea0f6cf133cc235a383d05') in 0.033751 seconds 
========================================================================
Received Import Request.
  Time since last request: 0.000018 seconds.
  path: Assets/Meshes/BonusContent/MinesSample.FBX
  artifactKey: Guid(6ed599d7224ee9943b11064add7ed981) Importer(815301076,1909f56bfc062723c751e8b465ee728b)
Start importing Assets/Meshes/BonusContent/MinesSample.FBX using Guid(6ed599d7224ee9943b11064add7ed981) Importer(815301076,1909f56bfc062723c751e8b465ee728b)  -> (artifact id: '022421b8bc4f5df7bcfbc2c844e38d19') in 0.084846 seconds 
========================================================================
Received Import Request.
  Time since last request: 0.000030 seconds.
  path: Assets/Meshes/BonusContent/FlyingInsects3_Wing2.FBX
  artifactKey: Guid(a48942f1defa105409300c6ae5ade981) Importer(815301076,1909f56bfc062723c751e8b465ee728b)
Start importing Assets/Meshes/BonusContent/FlyingInsects3_Wing2.FBX using Guid(a48942f1defa105409300c6ae5ade981) Importer(815301076,1909f56bfc062723c751e8b465ee728b)  -> (artifact id: 'ca4c6f17a56a5d6265d83f102c09d9f9') in 0.034194 seconds 
========================================================================
Received Import Request.
  Time since last request: 0.000017 seconds.
  path: Assets/Meshes/BonusContent/StarSparrow_1_LP_Red.fbx
  artifactKey: Guid(23908a99b9ed72b4480176cae54d422d) Importer(815301076,1909f56bfc062723c751e8b465ee728b)
Start importing Assets/Meshes/BonusContent/StarSparrow_1_LP_Red.fbx using Guid(23908a99b9ed72b4480176cae54d422d) Importer(815301076,1909f56bfc062723c751e8b465ee728b)  -> (artifact id: '33d4340807415ca0712b755826859038') in 0.019829 seconds 
