Using pre-set license
Built from '2021.3/staging' branch; Version is '2021.3.25f1 (68ef2c4f8861) revision 6876972'; Using compiler version '192829333'; Build Type 'Release'
OS: 'Windows 10  (10.0.19045) 64bit Core' Language: 'ru' Physical Memory: 16304 MB
BatchMode: 1, IsHumanControllingUs: 0, StartBugReporterOnCrash: 0, Is64bit: 1, IsPro: 1

COMMAND LINE ARGUMENTS:
D:\Unity\2021.3.25f1\Editor\Unity.exe
-adb2
-batchMode
-noUpm
-name
AssetImportWorker1
-projectPath
D:/Unity/My Project/Space Shooter/Space Shooter
-logFile
Logs/AssetImportWorker1.log
-srvPort
54424
Successfully changed project path to: D:/Unity/My Project/Space Shooter/Space Shooter
D:/Unity/My Project/Space Shooter/Space Shooter
[UnityMemory] Configuration Parameters - Can be set up in boot.config
    "memorysetup-bucket-allocator-granularity=16"
    "memorysetup-bucket-allocator-bucket-count=8"
    "memorysetup-bucket-allocator-block-size=33554432"
    "memorysetup-bucket-allocator-block-count=8"
    "memorysetup-main-allocator-block-size=16777216"
    "memorysetup-thread-allocator-block-size=16777216"
    "memorysetup-gfx-main-allocator-block-size=16777216"
    "memorysetup-gfx-thread-allocator-block-size=16777216"
    "memorysetup-cache-allocator-block-size=4194304"
    "memorysetup-typetree-allocator-block-size=2097152"
    "memorysetup-profiler-bucket-allocator-granularity=16"
    "memorysetup-profiler-bucket-allocator-bucket-count=8"
    "memorysetup-profiler-bucket-allocator-block-size=33554432"
    "memorysetup-profiler-bucket-allocator-block-count=8"
    "memorysetup-profiler-allocator-block-size=16777216"
    "memorysetup-profiler-editor-allocator-block-size=1048576"
    "memorysetup-temp-allocator-size-main=16777216"
    "memorysetup-job-temp-allocator-block-size=2097152"
    "memorysetup-job-temp-allocator-block-size-background=1048576"
    "memorysetup-job-temp-allocator-reduction-small-platforms=262144"
    "memorysetup-temp-allocator-size-background-worker=32768"
    "memorysetup-temp-allocator-size-job-worker=262144"
    "memorysetup-temp-allocator-size-preload-manager=33554432"
    "memorysetup-temp-allocator-size-nav-mesh-worker=65536"
    "memorysetup-temp-allocator-size-audio-worker=65536"
    "memorysetup-temp-allocator-size-cloud-worker=32768"
    "memorysetup-temp-allocator-size-gi-baking-worker=262144"
    "memorysetup-temp-allocator-size-gfx=262144"
Player connection [15424] Host "[IP] 192.168.1.212 [Port] 0 [Flags] 2 [Guid] 1673434485 [EditorId] 1673434485 [Version] 1048832 [Id] WindowsEditor(7,DESKTOP-DE6A90I) [Debug] 1 [PackageName] WindowsEditor [ProjectName] Editor" joined multi-casting on [225.0.0.222:54997]...

Player connection [15424] Host "[IP] 192.168.1.212 [Port] 0 [Flags] 2 [Guid] 1673434485 [EditorId] 1673434485 [Version] 1048832 [Id] WindowsEditor(7,DESKTOP-DE6A90I) [Debug] 1 [PackageName] WindowsEditor [ProjectName] Editor" joined alternative multi-casting on [225.0.0.222:34997]...

Refreshing native plugins compatible for Editor in 37.95 ms, found 3 plugins.
Preloading 0 native plugins for Editor in 0.00 ms.
Initialize engine version: 2021.3.25f1 (68ef2c4f8861)
[Subsystems] Discovering subsystems at path D:/Unity/2021.3.25f1/Editor/Data/Resources/UnitySubsystems
[Subsystems] Discovering subsystems at path D:/Unity/My Project/Space Shooter/Space Shooter/Assets
GfxDevice: creating device client; threaded=0; jobified=0
Direct3D:
    Version:  Direct3D 11.0 [level 11.1]
    Renderer: NVIDIA GeForce GTX 1650 (ID=0x1f91)
    Vendor:   NVIDIA
    VRAM:     3949 MB
    Driver:   31.0.15.2647
Initialize mono
Mono path[0] = 'D:/Unity/2021.3.25f1/Editor/Data/Managed'
Mono path[1] = 'D:/Unity/2021.3.25f1/Editor/Data/MonoBleedingEdge/lib/mono/unityjit-win32'
Mono config path = 'D:/Unity/2021.3.25f1/Editor/Data/MonoBleedingEdge/etc'
Using monoOptions --debugger-agent=transport=dt_socket,embedding=1,server=y,suspend=n,address=127.0.0.1:56172
Begin MonoManager ReloadAssembly
Registering precompiled unity dll's ...
Register platform support module: D:/Unity/2021.3.25f1/Editor/Data/PlaybackEngines/AndroidPlayer/UnityEditor.Android.Extensions.dll
Register platform support module: D:/Unity/2021.3.25f1/Editor/Data/PlaybackEngines/WindowsStandaloneSupport/UnityEditor.WindowsStandalone.Extensions.dll
Registered in 0.002501 seconds.
Native extension for WindowsStandalone target not found
Native extension for Android target not found
Android Extension - Scanning For ADB Devices 221 ms
Refreshing native plugins compatible for Editor in 38.20 ms, found 3 plugins.
Preloading 0 native plugins for Editor in 0.00 ms.
Mono: successfully reloaded assembly
- Completed reload, in  0.877 seconds
Domain Reload Profiling:
	ReloadAssembly (877ms)
		BeginReloadAssembly (74ms)
			ExecutionOrderSort (0ms)
			DisableScriptedObjects (0ms)
			BackupInstance (0ms)
			ReleaseScriptingObjects (0ms)
			CreateAndSetChildDomain (1ms)
		EndReloadAssembly (714ms)
			LoadAssemblies (73ms)
			RebuildTransferFunctionScriptingTraits (0ms)
			SetupTypeCache (123ms)
			ReleaseScriptCaches (0ms)
			RebuildScriptCaches (42ms)
			SetupLoadedEditorAssemblies (496ms)
				LogAssemblyErrors (0ms)
				InitializePlatformSupportModulesInManaged (316ms)
				SetLoadedEditorAssemblies (0ms)
				RefreshPlugins (38ms)
				BeforeProcessingInitializeOnLoad (1ms)
				ProcessInitializeOnLoadAttributes (92ms)
				ProcessInitializeOnLoadMethodAttributes (49ms)
				AfterProcessingInitializeOnLoad (0ms)
				EditorAssembliesLoaded (0ms)
			ExecutionOrderSort2 (0ms)
			AwakeInstancesAfterBackupRestoration (0ms)
Platform modules already initialized, skipping
Registering precompiled user dll's ...
Registered in 0.002488 seconds.
Begin MonoManager ReloadAssembly
Native extension for WindowsStandalone target not found
Native extension for Android target not found
Refreshing native plugins compatible for Editor in 35.71 ms, found 3 plugins.
Preloading 0 native plugins for Editor in 0.00 ms.
Mono: successfully reloaded assembly
- Completed reload, in  0.985 seconds
Domain Reload Profiling:
	ReloadAssembly (986ms)
		BeginReloadAssembly (110ms)
			ExecutionOrderSort (0ms)
			DisableScriptedObjects (6ms)
			BackupInstance (0ms)
			ReleaseScriptingObjects (0ms)
			CreateAndSetChildDomain (22ms)
		EndReloadAssembly (772ms)
			LoadAssemblies (73ms)
			RebuildTransferFunctionScriptingTraits (0ms)
			SetupTypeCache (206ms)
			ReleaseScriptCaches (0ms)
			RebuildScriptCaches (59ms)
			SetupLoadedEditorAssemblies (382ms)
				LogAssemblyErrors (0ms)
				InitializePlatformSupportModulesInManaged (27ms)
				SetLoadedEditorAssemblies (0ms)
				RefreshPlugins (36ms)
				BeforeProcessingInitializeOnLoad (63ms)
				ProcessInitializeOnLoadAttributes (220ms)
				ProcessInitializeOnLoadMethodAttributes (32ms)
				AfterProcessingInitializeOnLoad (2ms)
				EditorAssembliesLoaded (0ms)
			ExecutionOrderSort2 (0ms)
			AwakeInstancesAfterBackupRestoration (5ms)
Platform modules already initialized, skipping
========================================================================
Worker process is ready to serve import requests
Launched and connected shader compiler UnityShaderCompiler.exe after 0.04 seconds
Refreshing native plugins compatible for Editor in 0.58 ms, found 3 plugins.
Preloading 0 native plugins for Editor in 0.00 ms.
Unloading 2154 Unused Serialized files (Serialized files now loaded: 0)
Unloading 30 unused Assets / (284.2 KB). Loaded Objects now: 2640.
Memory consumption went from 117.4 MB to 117.1 MB.
Total: 3.107200 ms (FindLiveObjects: 0.218400 ms CreateObjectMapping: 0.089600 ms MarkObjects: 2.729700 ms  DeleteObjects: 0.068800 ms)

AssetImportParameters requested are different than current active one (requested -> active):
  custom:video-decoder-ogg-theora: a1e56fd34408186e4bbccfd4996cb3dc -> 
  custom:container-muxer-webm: aa71ff27fc2769a1b78a27578f13a17b -> 
  custom:container-demuxer-webm: 4f35f7cbe854078d1ac9338744f61a02 -> 
  custom:video-encoder-webm-vp8: eb34c28f22e8b96e1ab97ce403110664 -> 
  custom:audio-encoder-webm-vorbis: bf7c407c2cedff20999df2af8eb42d56 -> 
  custom:framework-win-MediaFoundation: 216162199b28c13a410421893ffa2e32 -> 
  custom:container-demuxer-ogg: 62fdf1f143b41e24485cea50d1cbac27 -> 
  custom:video-decoder-webm-vp8: 9c59270c3fd7afecdb556c50c9e8de78 -> 
  custom:audio-decoder-ogg-vorbis: bf7c407c2cedff20999df2af8eb42d56 -> 
========================================================================
Received Prepare
Registering precompiled user dll's ...
Registered in 0.005699 seconds.
Begin MonoManager ReloadAssembly
Native extension for WindowsStandalone target not found
Native extension for Android target not found
Refreshing native plugins compatible for Editor in 0.72 ms, found 3 plugins.
Preloading 0 native plugins for Editor in 0.00 ms.
Mono: successfully reloaded assembly
- Completed reload, in  1.005 seconds
Domain Reload Profiling:
	ReloadAssembly (1005ms)
		BeginReloadAssembly (169ms)
			ExecutionOrderSort (0ms)
			DisableScriptedObjects (11ms)
			BackupInstance (0ms)
			ReleaseScriptingObjects (0ms)
			CreateAndSetChildDomain (41ms)
		EndReloadAssembly (739ms)
			LoadAssemblies (103ms)
			RebuildTransferFunctionScriptingTraits (0ms)
			SetupTypeCache (202ms)
			ReleaseScriptCaches (1ms)
			RebuildScriptCaches (60ms)
			SetupLoadedEditorAssemblies (353ms)
				LogAssemblyErrors (0ms)
				InitializePlatformSupportModulesInManaged (26ms)
				SetLoadedEditorAssemblies (1ms)
				RefreshPlugins (1ms)
				BeforeProcessingInitializeOnLoad (63ms)
				ProcessInitializeOnLoadAttributes (222ms)
				ProcessInitializeOnLoadMethodAttributes (35ms)
				AfterProcessingInitializeOnLoad (4ms)
				EditorAssembliesLoaded (0ms)
			ExecutionOrderSort2 (0ms)
			AwakeInstancesAfterBackupRestoration (8ms)
Platform modules already initialized, skipping
Refreshing native plugins compatible for Editor in 1.25 ms, found 3 plugins.
Preloading 0 native plugins for Editor in 0.00 ms.
Unloading 2145 Unused Serialized files (Serialized files now loaded: 0)
Unloading 17 unused Assets / (31.8 KB). Loaded Objects now: 2645.
Memory consumption went from 116.3 MB to 116.2 MB.
Total: 2.665700 ms (FindLiveObjects: 0.161000 ms CreateObjectMapping: 0.074900 ms MarkObjects: 2.409600 ms  DeleteObjects: 0.019300 ms)

AssetImportParameters requested are different than current active one (requested -> active):
  custom:video-decoder-ogg-theora: a1e56fd34408186e4bbccfd4996cb3dc -> 
  custom:container-muxer-webm: aa71ff27fc2769a1b78a27578f13a17b -> 
  custom:container-demuxer-webm: 4f35f7cbe854078d1ac9338744f61a02 -> 
  custom:video-encoder-webm-vp8: eb34c28f22e8b96e1ab97ce403110664 -> 
  custom:audio-encoder-webm-vorbis: bf7c407c2cedff20999df2af8eb42d56 -> 
  custom:framework-win-MediaFoundation: 216162199b28c13a410421893ffa2e32 -> 
  custom:container-demuxer-ogg: 62fdf1f143b41e24485cea50d1cbac27 -> 
  custom:video-decoder-webm-vp8: 9c59270c3fd7afecdb556c50c9e8de78 -> 
  custom:audio-decoder-ogg-vorbis: bf7c407c2cedff20999df2af8eb42d56 -> 
========================================================================
Received Import Request.
  Time since last request: 1321481.028656 seconds.
  path: Assets/StarSparrow/Materials/StarSparrow_Green.mat
  artifactKey: Guid(ec39a84ad2f7de748af283edd7ffa3c1) Importer(815301076,1909f56bfc062723c751e8b465ee728b)
Start importing Assets/StarSparrow/Materials/StarSparrow_Green.mat using Guid(ec39a84ad2f7de748af283edd7ffa3c1) Importer(815301076,1909f56bfc062723c751e8b465ee728b)  -> (artifact id: 'c8b1ead7fc3029033638d9da09cfa263') in 0.189271 seconds 
========================================================================
Received Import Request.
  Time since last request: 0.000028 seconds.
  path: Assets/StarSparrow/Materials/StarSparrow_Grey.mat
  artifactKey: Guid(12dffc4c817ab7e4294a82570ef30b58) Importer(815301076,1909f56bfc062723c751e8b465ee728b)
Start importing Assets/StarSparrow/Materials/StarSparrow_Grey.mat using Guid(12dffc4c817ab7e4294a82570ef30b58) Importer(815301076,1909f56bfc062723c751e8b465ee728b)  -> (artifact id: '4e2ffb133ae5d8709e654dc62e6ec057') in 0.079715 seconds 
========================================================================
Received Import Request.
  Time since last request: 0.000026 seconds.
  path: Assets/StarSparrow/Materials/StarSparrow_Red.mat
  artifactKey: Guid(14cc321f15ae44a4d8ead98d7550ee77) Importer(815301076,1909f56bfc062723c751e8b465ee728b)
Start importing Assets/StarSparrow/Materials/StarSparrow_Red.mat using Guid(14cc321f15ae44a4d8ead98d7550ee77) Importer(815301076,1909f56bfc062723c751e8b465ee728b)  -> (artifact id: 'd43fd7f206a7216aa9ca3a625699a78e') in 0.061975 seconds 
========================================================================
Received Import Request.
  Time since last request: 2.026563 seconds.
  path: Assets/StarSparrow/Materials/BonusContent/AsteroidsLava_Red.mat
  artifactKey: Guid(816eca2bca813da4883bad3b376c4dbc) Importer(815301076,1909f56bfc062723c751e8b465ee728b)
Start importing Assets/StarSparrow/Materials/BonusContent/AsteroidsLava_Red.mat using Guid(816eca2bca813da4883bad3b376c4dbc) Importer(815301076,1909f56bfc062723c751e8b465ee728b)  -> (artifact id: '10587a6737e22451a2d3b328dbf4df1c') in 0.019392 seconds 
========================================================================
Received Import Request.
  Time since last request: 0.000018 seconds.
  path: Assets/StarSparrow/Materials/BonusContent/ColorsAtlas.mat
  artifactKey: Guid(00eaf01308024044aaffab04875e1397) Importer(815301076,1909f56bfc062723c751e8b465ee728b)
Start importing Assets/StarSparrow/Materials/BonusContent/ColorsAtlas.mat using Guid(00eaf01308024044aaffab04875e1397) Importer(815301076,1909f56bfc062723c751e8b465ee728b)  -> (artifact id: '89de55e6c930b5a16ab276ff4adaad71') in 0.036319 seconds 
========================================================================
Received Import Request.
  Time since last request: 0.000020 seconds.
  path: Assets/StarSparrow/Materials/BonusContent/Bomb.mat
  artifactKey: Guid(2d81e0bd71e79784199dbdf6880a51e6) Importer(815301076,1909f56bfc062723c751e8b465ee728b)
Start importing Assets/StarSparrow/Materials/BonusContent/Bomb.mat using Guid(2d81e0bd71e79784199dbdf6880a51e6) Importer(815301076,1909f56bfc062723c751e8b465ee728b)  -> (artifact id: '7bbea7bbe84b7917d39c137bee97d9b9') in 0.015593 seconds 
========================================================================
Received Import Request.
  Time since last request: 0.000018 seconds.
  path: Assets/StarSparrow/Materials/BonusContent/Mine Sample 2.mat
  artifactKey: Guid(7da0d403d4fb0da40ac018d557c6db89) Importer(815301076,1909f56bfc062723c751e8b465ee728b)
Start importing Assets/StarSparrow/Materials/BonusContent/Mine Sample 2.mat using Guid(7da0d403d4fb0da40ac018d557c6db89) Importer(815301076,1909f56bfc062723c751e8b465ee728b)  -> (artifact id: '78dcf7bcd87bbc594ae3e9ed560e2771') in 0.015936 seconds 
========================================================================
Received Import Request.
  Time since last request: 0.000020 seconds.
  path: Assets/StarSparrow/Materials/BonusContent/CloudsRed.mat
  artifactKey: Guid(191ced9846689714398ed909c5e9284a) Importer(815301076,1909f56bfc062723c751e8b465ee728b)
Start importing Assets/StarSparrow/Materials/BonusContent/CloudsRed.mat using Guid(191ced9846689714398ed909c5e9284a) Importer(815301076,1909f56bfc062723c751e8b465ee728b)  -> (artifact id: '6d8c1cb6fe9732d70e9c252f40d5a611') in 0.016444 seconds 
========================================================================
Received Import Request.
  Time since last request: 1.864703 seconds.
  path: Assets/StarSparrow/Materials/Extra/StarSparrow_Cyan.mat
  artifactKey: Guid(d58bf68b17f9a4240aaeb5c200c9a12c) Importer(815301076,1909f56bfc062723c751e8b465ee728b)
Start importing Assets/StarSparrow/Materials/Extra/StarSparrow_Cyan.mat using Guid(d58bf68b17f9a4240aaeb5c200c9a12c) Importer(815301076,1909f56bfc062723c751e8b465ee728b)  -> (artifact id: '19d7b922c84d5d7313101dc2e540914e') in 0.055878 seconds 
========================================================================
Received Prepare
Registering precompiled user dll's ...
Registered in 0.002273 seconds.
Begin MonoManager ReloadAssembly
Native extension for WindowsStandalone target not found
Native extension for Android target not found
Refreshing native plugins compatible for Editor in 0.43 ms, found 3 plugins.
Preloading 0 native plugins for Editor in 0.00 ms.
Mono: successfully reloaded assembly
- Completed reload, in  1.025 seconds
Domain Reload Profiling:
	ReloadAssembly (1026ms)
		BeginReloadAssembly (135ms)
			ExecutionOrderSort (0ms)
			DisableScriptedObjects (7ms)
			BackupInstance (0ms)
			ReleaseScriptingObjects (0ms)
			CreateAndSetChildDomain (33ms)
		EndReloadAssembly (787ms)
			LoadAssemblies (86ms)
			RebuildTransferFunctionScriptingTraits (0ms)
			SetupTypeCache (235ms)
			ReleaseScriptCaches (1ms)
			RebuildScriptCaches (67ms)
			SetupLoadedEditorAssemblies (344ms)
				LogAssemblyErrors (0ms)
				InitializePlatformSupportModulesInManaged (20ms)
				SetLoadedEditorAssemblies (0ms)
				RefreshPlugins (0ms)
				BeforeProcessingInitializeOnLoad (65ms)
				ProcessInitializeOnLoadAttributes (212ms)
				ProcessInitializeOnLoadMethodAttributes (42ms)
				AfterProcessingInitializeOnLoad (4ms)
				EditorAssembliesLoaded (0ms)
			ExecutionOrderSort2 (0ms)
			AwakeInstancesAfterBackupRestoration (8ms)
Platform modules already initialized, skipping
Refreshing native plugins compatible for Editor in 1.24 ms, found 3 plugins.
Preloading 0 native plugins for Editor in 0.00 ms.
Unloading 2143 Unused Serialized files (Serialized files now loaded: 0)
Unloading 17 unused Assets / (31.8 KB). Loaded Objects now: 2688.
Memory consumption went from 116.4 MB to 116.4 MB.
Total: 2.852500 ms (FindLiveObjects: 0.152200 ms CreateObjectMapping: 0.069200 ms MarkObjects: 2.611000 ms  DeleteObjects: 0.019400 ms)

AssetImportParameters requested are different than current active one (requested -> active):
  custom:video-decoder-ogg-theora: a1e56fd34408186e4bbccfd4996cb3dc -> 
  custom:container-muxer-webm: aa71ff27fc2769a1b78a27578f13a17b -> 
  custom:container-demuxer-webm: 4f35f7cbe854078d1ac9338744f61a02 -> 
  custom:video-encoder-webm-vp8: eb34c28f22e8b96e1ab97ce403110664 -> 
  custom:audio-encoder-webm-vorbis: bf7c407c2cedff20999df2af8eb42d56 -> 
  custom:framework-win-MediaFoundation: 216162199b28c13a410421893ffa2e32 -> 
  custom:container-demuxer-ogg: 62fdf1f143b41e24485cea50d1cbac27 -> 
  custom:video-decoder-webm-vp8: 9c59270c3fd7afecdb556c50c9e8de78 -> 
  custom:audio-decoder-ogg-vorbis: bf7c407c2cedff20999df2af8eb42d56 -> 
========================================================================
Received Prepare
Registering precompiled user dll's ...
Registered in 0.004257 seconds.
Begin MonoManager ReloadAssembly
Native extension for WindowsStandalone target not found
Native extension for Android target not found
Refreshing native plugins compatible for Editor in 0.45 ms, found 3 plugins.
Preloading 0 native plugins for Editor in 0.00 ms.
Mono: successfully reloaded assembly
- Completed reload, in  0.945 seconds
Domain Reload Profiling:
	ReloadAssembly (946ms)
		BeginReloadAssembly (132ms)
			ExecutionOrderSort (0ms)
			DisableScriptedObjects (8ms)
			BackupInstance (0ms)
			ReleaseScriptingObjects (0ms)
			CreateAndSetChildDomain (29ms)
		EndReloadAssembly (720ms)
			LoadAssemblies (92ms)
			RebuildTransferFunctionScriptingTraits (0ms)
			SetupTypeCache (213ms)
			ReleaseScriptCaches (1ms)
			RebuildScriptCaches (58ms)
			SetupLoadedEditorAssemblies (323ms)
				LogAssemblyErrors (0ms)
				InitializePlatformSupportModulesInManaged (20ms)
				SetLoadedEditorAssemblies (0ms)
				RefreshPlugins (0ms)
				BeforeProcessingInitializeOnLoad (62ms)
				ProcessInitializeOnLoadAttributes (206ms)
				ProcessInitializeOnLoadMethodAttributes (31ms)
				AfterProcessingInitializeOnLoad (3ms)
				EditorAssembliesLoaded (0ms)
			ExecutionOrderSort2 (0ms)
			AwakeInstancesAfterBackupRestoration (7ms)
Platform modules already initialized, skipping
Refreshing native plugins compatible for Editor in 1.58 ms, found 3 plugins.
Preloading 0 native plugins for Editor in 0.00 ms.
Unloading 2145 Unused Serialized files (Serialized files now loaded: 0)
Unloading 17 unused Assets / (31.8 KB). Loaded Objects now: 2691.
Memory consumption went from 116.6 MB to 116.6 MB.
Total: 2.582200 ms (FindLiveObjects: 0.153800 ms CreateObjectMapping: 0.078900 ms MarkObjects: 2.329600 ms  DeleteObjects: 0.019000 ms)

AssetImportParameters requested are different than current active one (requested -> active):
  custom:video-decoder-ogg-theora: a1e56fd34408186e4bbccfd4996cb3dc -> 
  custom:container-muxer-webm: aa71ff27fc2769a1b78a27578f13a17b -> 
  custom:container-demuxer-webm: 4f35f7cbe854078d1ac9338744f61a02 -> 
  custom:video-encoder-webm-vp8: eb34c28f22e8b96e1ab97ce403110664 -> 
  custom:audio-encoder-webm-vorbis: bf7c407c2cedff20999df2af8eb42d56 -> 
  custom:framework-win-MediaFoundation: 216162199b28c13a410421893ffa2e32 -> 
  custom:container-demuxer-ogg: 62fdf1f143b41e24485cea50d1cbac27 -> 
  custom:video-decoder-webm-vp8: 9c59270c3fd7afecdb556c50c9e8de78 -> 
  custom:audio-decoder-ogg-vorbis: bf7c407c2cedff20999df2af8eb42d56 -> 
========================================================================
Received Import Request.
  Time since last request: 104.744466 seconds.
  path: Assets/StarSparrow/Textures/StarSparrow_Blue.png
  artifactKey: Guid(eb9f71c288354cd419ac82ba188b1dbb) Importer(815301076,1909f56bfc062723c751e8b465ee728b)
Start importing Assets/StarSparrow/Textures/StarSparrow_Blue.png using Guid(eb9f71c288354cd419ac82ba188b1dbb) Importer(815301076,1909f56bfc062723c751e8b465ee728b)  -> (artifact id: '356881948419b10f8fd015ecd4d9cc1b') in 0.058068 seconds 
========================================================================
Received Import Request.
  Time since last request: 0.000025 seconds.
  path: Assets/StarSparrow/Textures/StarSparrow_Normal.png
  artifactKey: Guid(c96423a02cfe8934286c58b144ca7a43) Importer(815301076,1909f56bfc062723c751e8b465ee728b)
Start importing Assets/StarSparrow/Textures/StarSparrow_Normal.png using Guid(c96423a02cfe8934286c58b144ca7a43) Importer(815301076,1909f56bfc062723c751e8b465ee728b)  -> (artifact id: 'b0ccea9ca5f21dd68b2dc532f21add63') in 0.035825 seconds 
========================================================================
Received Import Request.
  Time since last request: 0.000028 seconds.
  path: Assets/StarSparrow/Textures/StarSparrow_Grey.png
  artifactKey: Guid(e80529d62d99b2a43a062d8434e9f4f7) Importer(815301076,1909f56bfc062723c751e8b465ee728b)
Start importing Assets/StarSparrow/Textures/StarSparrow_Grey.png using Guid(e80529d62d99b2a43a062d8434e9f4f7) Importer(815301076,1909f56bfc062723c751e8b465ee728b)  -> (artifact id: '9ba488f53ec1de4dfcef12acd835821e') in 0.021995 seconds 
========================================================================
Received Import Request.
  Time since last request: 0.000048 seconds.
  path: Assets/StarSparrow/Textures/StarSparrow_Orange.png
  artifactKey: Guid(9910943c18579a249a5a2984fdb3f3ae) Importer(815301076,1909f56bfc062723c751e8b465ee728b)
Start importing Assets/StarSparrow/Textures/StarSparrow_Orange.png using Guid(9910943c18579a249a5a2984fdb3f3ae) Importer(815301076,1909f56bfc062723c751e8b465ee728b)  -> (artifact id: '0ab337d722df6c095ee5801e72d82b61') in 0.022661 seconds 
========================================================================
Received Import Request.
  Time since last request: 0.000021 seconds.
  path: Assets/StarSparrow/Textures/StarSparrow_Emission.png
  artifactKey: Guid(e285b114efc2a1240b2b32966432623c) Importer(815301076,1909f56bfc062723c751e8b465ee728b)
Start importing Assets/StarSparrow/Textures/StarSparrow_Emission.png using Guid(e285b114efc2a1240b2b32966432623c) Importer(815301076,1909f56bfc062723c751e8b465ee728b)  -> (artifact id: 'c1f55d131a5b95756780fd29fbede4cf') in 0.020979 seconds 
========================================================================
Received Import Request.
  Time since last request: 0.000023 seconds.
  path: Assets/StarSparrow/Textures/StarSparrow_Red.png
  artifactKey: Guid(32b3903d52de67640b19b1feb1b1e1bf) Importer(815301076,1909f56bfc062723c751e8b465ee728b)
Start importing Assets/StarSparrow/Textures/StarSparrow_Red.png using Guid(32b3903d52de67640b19b1feb1b1e1bf) Importer(815301076,1909f56bfc062723c751e8b465ee728b)  -> (artifact id: 'da76f819a3d3e123d3d010ccd7e9bc52') in 0.021737 seconds 
========================================================================
Received Prepare
Registering precompiled user dll's ...
Registered in 0.003313 seconds.
Begin MonoManager ReloadAssembly
Native extension for WindowsStandalone target not found
Native extension for Android target not found
Refreshing native plugins compatible for Editor in 0.43 ms, found 3 plugins.
Preloading 0 native plugins for Editor in 0.00 ms.
Mono: successfully reloaded assembly
- Completed reload, in  0.994 seconds
Domain Reload Profiling:
	ReloadAssembly (994ms)
		BeginReloadAssembly (137ms)
			ExecutionOrderSort (0ms)
			DisableScriptedObjects (9ms)
			BackupInstance (0ms)
			ReleaseScriptingObjects (0ms)
			CreateAndSetChildDomain (33ms)
		EndReloadAssembly (763ms)
			LoadAssemblies (84ms)
			RebuildTransferFunctionScriptingTraits (0ms)
			SetupTypeCache (239ms)
			ReleaseScriptCaches (1ms)
			RebuildScriptCaches (64ms)
			SetupLoadedEditorAssemblies (336ms)
				LogAssemblyErrors (0ms)
				InitializePlatformSupportModulesInManaged (20ms)
				SetLoadedEditorAssemblies (0ms)
				RefreshPlugins (1ms)
				BeforeProcessingInitializeOnLoad (71ms)
				ProcessInitializeOnLoadAttributes (210ms)
				ProcessInitializeOnLoadMethodAttributes (31ms)
				AfterProcessingInitializeOnLoad (2ms)
				EditorAssembliesLoaded (0ms)
			ExecutionOrderSort2 (0ms)
			AwakeInstancesAfterBackupRestoration (6ms)
Platform modules already initialized, skipping
Refreshing native plugins compatible for Editor in 1.26 ms, found 3 plugins.
Preloading 0 native plugins for Editor in 0.00 ms.
Unloading 2143 Unused Serialized files (Serialized files now loaded: 0)
Unloading 17 unused Assets / (31.8 KB). Loaded Objects now: 2697.
Memory consumption went from 116.5 MB to 116.5 MB.
Total: 2.474200 ms (FindLiveObjects: 0.148800 ms CreateObjectMapping: 0.066800 ms MarkObjects: 2.243000 ms  DeleteObjects: 0.015100 ms)

AssetImportParameters requested are different than current active one (requested -> active):
  custom:video-decoder-ogg-theora: a1e56fd34408186e4bbccfd4996cb3dc -> 
  custom:container-muxer-webm: aa71ff27fc2769a1b78a27578f13a17b -> 
  custom:container-demuxer-webm: 4f35f7cbe854078d1ac9338744f61a02 -> 
  custom:video-encoder-webm-vp8: eb34c28f22e8b96e1ab97ce403110664 -> 
  custom:audio-encoder-webm-vorbis: bf7c407c2cedff20999df2af8eb42d56 -> 
  custom:framework-win-MediaFoundation: 216162199b28c13a410421893ffa2e32 -> 
  custom:container-demuxer-ogg: 62fdf1f143b41e24485cea50d1cbac27 -> 
  custom:video-decoder-webm-vp8: 9c59270c3fd7afecdb556c50c9e8de78 -> 
  custom:audio-decoder-ogg-vorbis: bf7c407c2cedff20999df2af8eb42d56 -> 
========================================================================
Received Prepare
Registering precompiled user dll's ...
Registered in 0.002332 seconds.
Begin MonoManager ReloadAssembly
Native extension for WindowsStandalone target not found
Native extension for Android target not found
Refreshing native plugins compatible for Editor in 0.82 ms, found 3 plugins.
Preloading 0 native plugins for Editor in 0.00 ms.
Mono: successfully reloaded assembly
- Completed reload, in  0.945 seconds
Domain Reload Profiling:
	ReloadAssembly (946ms)
		BeginReloadAssembly (131ms)
			ExecutionOrderSort (0ms)
			DisableScriptedObjects (8ms)
			BackupInstance (0ms)
			ReleaseScriptingObjects (0ms)
			CreateAndSetChildDomain (29ms)
		EndReloadAssembly (721ms)
			LoadAssemblies (81ms)
			RebuildTransferFunctionScriptingTraits (0ms)
			SetupTypeCache (208ms)
			ReleaseScriptCaches (1ms)
			RebuildScriptCaches (52ms)
			SetupLoadedEditorAssemblies (332ms)
				LogAssemblyErrors (0ms)
				InitializePlatformSupportModulesInManaged (25ms)
				SetLoadedEditorAssemblies (1ms)
				RefreshPlugins (1ms)
				BeforeProcessingInitializeOnLoad (66ms)
				ProcessInitializeOnLoadAttributes (205ms)
				ProcessInitializeOnLoadMethodAttributes (32ms)
				AfterProcessingInitializeOnLoad (3ms)
				EditorAssembliesLoaded (0ms)
			ExecutionOrderSort2 (0ms)
			AwakeInstancesAfterBackupRestoration (6ms)
Platform modules already initialized, skipping
Refreshing native plugins compatible for Editor in 1.56 ms, found 3 plugins.
Preloading 0 native plugins for Editor in 0.00 ms.
Unloading 2145 Unused Serialized files (Serialized files now loaded: 0)
Unloading 17 unused Assets / (31.8 KB). Loaded Objects now: 2700.
Memory consumption went from 116.6 MB to 116.6 MB.
Total: 2.284100 ms (FindLiveObjects: 0.154500 ms CreateObjectMapping: 0.072300 ms MarkObjects: 2.033500 ms  DeleteObjects: 0.023100 ms)

AssetImportParameters requested are different than current active one (requested -> active):
  custom:video-decoder-ogg-theora: a1e56fd34408186e4bbccfd4996cb3dc -> 
  custom:container-muxer-webm: aa71ff27fc2769a1b78a27578f13a17b -> 
  custom:container-demuxer-webm: 4f35f7cbe854078d1ac9338744f61a02 -> 
  custom:video-encoder-webm-vp8: eb34c28f22e8b96e1ab97ce403110664 -> 
  custom:audio-encoder-webm-vorbis: bf7c407c2cedff20999df2af8eb42d56 -> 
  custom:framework-win-MediaFoundation: 216162199b28c13a410421893ffa2e32 -> 
  custom:container-demuxer-ogg: 62fdf1f143b41e24485cea50d1cbac27 -> 
  custom:video-decoder-webm-vp8: 9c59270c3fd7afecdb556c50c9e8de78 -> 
  custom:audio-decoder-ogg-vorbis: bf7c407c2cedff20999df2af8eb42d56 -> 
========================================================================
Received Import Request.
  Time since last request: 176.568146 seconds.
  path: Assets/StarSparrow/Textures/Masks/StarSparrow_Mask2.png
  artifactKey: Guid(eb091f20a993f1b4b87383a8a86d183f) Importer(815301076,1909f56bfc062723c751e8b465ee728b)
Start importing Assets/StarSparrow/Textures/Masks/StarSparrow_Mask2.png using Guid(eb091f20a993f1b4b87383a8a86d183f) Importer(815301076,1909f56bfc062723c751e8b465ee728b)  -> (artifact id: '37cea895b21040d255e28b8377fe2b00') in 0.047543 seconds 
========================================================================
Received Import Request.
  Time since last request: 0.000016 seconds.
  path: Assets/StarSparrow/Textures/Masks/StarSparrow_Mask4.png
  artifactKey: Guid(895a107469db6ce4fb884ada897476f0) Importer(815301076,1909f56bfc062723c751e8b465ee728b)
Start importing Assets/StarSparrow/Textures/Masks/StarSparrow_Mask4.png using Guid(895a107469db6ce4fb884ada897476f0) Importer(815301076,1909f56bfc062723c751e8b465ee728b)  -> (artifact id: '146c130ba7fbbb24dbe76b288676d105') in 0.040767 seconds 
========================================================================
Received Import Request.
  Time since last request: 0.000022 seconds.
  path: Assets/StarSparrow/Textures/Masks/StarSparrow_Mask3.png
  artifactKey: Guid(bb3b71277204e0048925dd90850a68a1) Importer(815301076,1909f56bfc062723c751e8b465ee728b)
Start importing Assets/StarSparrow/Textures/Masks/StarSparrow_Mask3.png using Guid(bb3b71277204e0048925dd90850a68a1) Importer(815301076,1909f56bfc062723c751e8b465ee728b)  -> (artifact id: 'bb253ff6450de0c761e6d8cc06d033f6') in 0.012381 seconds 
========================================================================
Received Prepare
Registering precompiled user dll's ...
Registered in 0.002443 seconds.
Begin MonoManager ReloadAssembly
Native extension for WindowsStandalone target not found
Native extension for Android target not found
Refreshing native plugins compatible for Editor in 0.43 ms, found 3 plugins.
Preloading 0 native plugins for Editor in 0.00 ms.
Mono: successfully reloaded assembly
- Completed reload, in  0.909 seconds
Domain Reload Profiling:
	ReloadAssembly (910ms)
		BeginReloadAssembly (134ms)
			ExecutionOrderSort (0ms)
			DisableScriptedObjects (7ms)
			BackupInstance (0ms)
			ReleaseScriptingObjects (0ms)
			CreateAndSetChildDomain (32ms)
		EndReloadAssembly (674ms)
			LoadAssemblies (85ms)
			RebuildTransferFunctionScriptingTraits (0ms)
			SetupTypeCache (201ms)
			ReleaseScriptCaches (1ms)
			RebuildScriptCaches (48ms)
			SetupLoadedEditorAssemblies (302ms)
				LogAssemblyErrors (0ms)
				InitializePlatformSupportModulesInManaged (19ms)
				SetLoadedEditorAssemblies (0ms)
				RefreshPlugins (0ms)
				BeforeProcessingInitializeOnLoad (59ms)
				ProcessInitializeOnLoadAttributes (184ms)
				ProcessInitializeOnLoadMethodAttributes (36ms)
				AfterProcessingInitializeOnLoad (2ms)
				EditorAssembliesLoaded (0ms)
			ExecutionOrderSort2 (0ms)
			AwakeInstancesAfterBackupRestoration (7ms)
Platform modules already initialized, skipping
Refreshing native plugins compatible for Editor in 1.45 ms, found 3 plugins.
Preloading 0 native plugins for Editor in 0.00 ms.
Unloading 2143 Unused Serialized files (Serialized files now loaded: 0)
Unloading 17 unused Assets / (31.8 KB). Loaded Objects now: 2703.
Memory consumption went from 116.6 MB to 116.5 MB.
Total: 2.724700 ms (FindLiveObjects: 0.155900 ms CreateObjectMapping: 0.066100 ms MarkObjects: 2.482100 ms  DeleteObjects: 0.020200 ms)

AssetImportParameters requested are different than current active one (requested -> active):
  custom:video-decoder-ogg-theora: a1e56fd34408186e4bbccfd4996cb3dc -> 
  custom:container-muxer-webm: aa71ff27fc2769a1b78a27578f13a17b -> 
  custom:container-demuxer-webm: 4f35f7cbe854078d1ac9338744f61a02 -> 
  custom:video-encoder-webm-vp8: eb34c28f22e8b96e1ab97ce403110664 -> 
  custom:audio-encoder-webm-vorbis: bf7c407c2cedff20999df2af8eb42d56 -> 
  custom:framework-win-MediaFoundation: 216162199b28c13a410421893ffa2e32 -> 
  custom:container-demuxer-ogg: 62fdf1f143b41e24485cea50d1cbac27 -> 
  custom:video-decoder-webm-vp8: 9c59270c3fd7afecdb556c50c9e8de78 -> 
  custom:audio-decoder-ogg-vorbis: bf7c407c2cedff20999df2af8eb42d56 -> 
========================================================================
Received Prepare
Registering precompiled user dll's ...
Registered in 0.003213 seconds.
Begin MonoManager ReloadAssembly
Native extension for WindowsStandalone target not found
Native extension for Android target not found
Refreshing native plugins compatible for Editor in 0.49 ms, found 3 plugins.
Preloading 0 native plugins for Editor in 0.00 ms.
Mono: successfully reloaded assembly
- Completed reload, in  0.980 seconds
Domain Reload Profiling:
	ReloadAssembly (981ms)
		BeginReloadAssembly (125ms)
			ExecutionOrderSort (0ms)
			DisableScriptedObjects (7ms)
			BackupInstance (0ms)
			ReleaseScriptingObjects (0ms)
			CreateAndSetChildDomain (31ms)
		EndReloadAssembly (754ms)
			LoadAssemblies (77ms)
			RebuildTransferFunctionScriptingTraits (0ms)
			SetupTypeCache (214ms)
			ReleaseScriptCaches (1ms)
			RebuildScriptCaches (53ms)
			SetupLoadedEditorAssemblies (347ms)
				LogAssemblyErrors (0ms)
				InitializePlatformSupportModulesInManaged (24ms)
				SetLoadedEditorAssemblies (0ms)
				RefreshPlugins (1ms)
				BeforeProcessingInitializeOnLoad (67ms)
				ProcessInitializeOnLoadAttributes (216ms)
				ProcessInitializeOnLoadMethodAttributes (36ms)
				AfterProcessingInitializeOnLoad (3ms)
				EditorAssembliesLoaded (0ms)
			ExecutionOrderSort2 (0ms)
			AwakeInstancesAfterBackupRestoration (8ms)
Platform modules already initialized, skipping
Refreshing native plugins compatible for Editor in 1.25 ms, found 3 plugins.
Preloading 0 native plugins for Editor in 0.00 ms.
Unloading 2145 Unused Serialized files (Serialized files now loaded: 0)
Unloading 17 unused Assets / (31.8 KB). Loaded Objects now: 2706.
Memory consumption went from 116.8 MB to 116.7 MB.
Total: 2.513500 ms (FindLiveObjects: 0.154100 ms CreateObjectMapping: 0.072200 ms MarkObjects: 2.270700 ms  DeleteObjects: 0.016000 ms)

AssetImportParameters requested are different than current active one (requested -> active):
  custom:video-decoder-ogg-theora: a1e56fd34408186e4bbccfd4996cb3dc -> 
  custom:container-muxer-webm: aa71ff27fc2769a1b78a27578f13a17b -> 
  custom:container-demuxer-webm: 4f35f7cbe854078d1ac9338744f61a02 -> 
  custom:video-encoder-webm-vp8: eb34c28f22e8b96e1ab97ce403110664 -> 
  custom:audio-encoder-webm-vorbis: bf7c407c2cedff20999df2af8eb42d56 -> 
  custom:framework-win-MediaFoundation: 216162199b28c13a410421893ffa2e32 -> 
  custom:container-demuxer-ogg: 62fdf1f143b41e24485cea50d1cbac27 -> 
  custom:video-decoder-webm-vp8: 9c59270c3fd7afecdb556c50c9e8de78 -> 
  custom:audio-decoder-ogg-vorbis: bf7c407c2cedff20999df2af8eb42d56 -> 
========================================================================
Received Import Request.
  Time since last request: 74.046953 seconds.
  path: Assets/StarSparrow/Prefabs/BonusContent/Asteroid Lava Red.prefab
  artifactKey: Guid(45b62242ff99b0a48a47f713cd6d1687) Importer(815301076,1909f56bfc062723c751e8b465ee728b)
Start importing Assets/StarSparrow/Prefabs/BonusContent/Asteroid Lava Red.prefab using Guid(45b62242ff99b0a48a47f713cd6d1687) Importer(815301076,1909f56bfc062723c751e8b465ee728b)  -> (artifact id: '54f689e4fcb854b31daab5af2735c483') in 0.085410 seconds 
========================================================================
Received Import Request.
  Time since last request: 0.000019 seconds.
  path: Assets/StarSparrow/Prefabs/BonusContent/Flying Insect.prefab
  artifactKey: Guid(6807a4fbab15c3444aa44ff82bcbe872) Importer(815301076,1909f56bfc062723c751e8b465ee728b)
Start importing Assets/StarSparrow/Prefabs/BonusContent/Flying Insect.prefab using Guid(6807a4fbab15c3444aa44ff82bcbe872) Importer(815301076,1909f56bfc062723c751e8b465ee728b)  -> (artifact id: '05a755e892a71eaa868a4b3881a2b9b2') in 0.030179 seconds 
========================================================================
Received Import Request.
  Time since last request: 0.000026 seconds.
  path: Assets/StarSparrow/Prefabs/BonusContent/Mine Sample 1.prefab
  artifactKey: Guid(5f7d5f60379571b4ab916f85aae80a71) Importer(815301076,1909f56bfc062723c751e8b465ee728b)
Start importing Assets/StarSparrow/Prefabs/BonusContent/Mine Sample 1.prefab using Guid(5f7d5f60379571b4ab916f85aae80a71) Importer(815301076,1909f56bfc062723c751e8b465ee728b)  -> (artifact id: 'f2e72d0606f87c285f31678e0fb40f31') in 0.019821 seconds 
========================================================================
Received Import Request.
  Time since last request: 0.000016 seconds.
  path: Assets/StarSparrow/Prefabs/BonusContent/Tinniuq Planet.prefab
  artifactKey: Guid(8c22678d7aa562145804b6f0af7e603a) Importer(815301076,1909f56bfc062723c751e8b465ee728b)
Start importing Assets/StarSparrow/Prefabs/BonusContent/Tinniuq Planet.prefab using Guid(8c22678d7aa562145804b6f0af7e603a) Importer(815301076,1909f56bfc062723c751e8b465ee728b)  -> (artifact id: 'd1787d9ef9c9720ee3b8ef5eaaef4b5f') in 0.029025 seconds 
========================================================================
Received Import Request.
  Time since last request: 1.661263 seconds.
  path: Assets/StarSparrow/Prefabs/Examples/StarSparrow2.prefab
  artifactKey: Guid(dae7a3955bbf76e409d09988296acacb) Importer(815301076,1909f56bfc062723c751e8b465ee728b)
Start importing Assets/StarSparrow/Prefabs/Examples/StarSparrow2.prefab using Guid(dae7a3955bbf76e409d09988296acacb) Importer(815301076,1909f56bfc062723c751e8b465ee728b)  -> (artifact id: '1478c2163e58bc28f23ccc158caa4755') in 0.059321 seconds 
========================================================================
Received Import Request.
  Time since last request: 0.000022 seconds.
  path: Assets/StarSparrow/Prefabs/Examples/StarSparrow11.prefab
  artifactKey: Guid(5a073d16030e9bb4ab4bab71c3124066) Importer(815301076,1909f56bfc062723c751e8b465ee728b)
Start importing Assets/StarSparrow/Prefabs/Examples/StarSparrow11.prefab using Guid(5a073d16030e9bb4ab4bab71c3124066) Importer(815301076,1909f56bfc062723c751e8b465ee728b)  -> (artifact id: '8a29be83611bde2558f494e78d328fe1') in 0.061345 seconds 
========================================================================
Received Import Request.
  Time since last request: 0.000033 seconds.
  path: Assets/StarSparrow/Prefabs/Examples/StarSparrow16.prefab
  artifactKey: Guid(09980a6c8942f3141bbe411fa8a59755) Importer(815301076,1909f56bfc062723c751e8b465ee728b)
Start importing Assets/StarSparrow/Prefabs/Examples/StarSparrow16.prefab using Guid(09980a6c8942f3141bbe411fa8a59755) Importer(815301076,1909f56bfc062723c751e8b465ee728b)  -> (artifact id: '5ccaa2d4d70f2a2690ab5d5bbaa593e7') in 0.070504 seconds 
========================================================================
Received Import Request.
  Time since last request: 0.000038 seconds.
  path: Assets/StarSparrow/Prefabs/Examples/StarSparrow4.prefab
  artifactKey: Guid(206dc24d514cdd146a07be8e731a56e9) Importer(815301076,1909f56bfc062723c751e8b465ee728b)
Start importing Assets/StarSparrow/Prefabs/Examples/StarSparrow4.prefab using Guid(206dc24d514cdd146a07be8e731a56e9) Importer(815301076,1909f56bfc062723c751e8b465ee728b)  -> (artifact id: '1646ec6edd901733374452a570bb4d29') in 0.070029 seconds 
========================================================================
Received Import Request.
  Time since last request: 0.000020 seconds.
  path: Assets/StarSparrow/Prefabs/Examples/StarSparrow19.prefab
  artifactKey: Guid(ba40a60074a505d48b216ebc896c5ca0) Importer(815301076,1909f56bfc062723c751e8b465ee728b)
Start importing Assets/StarSparrow/Prefabs/Examples/StarSparrow19.prefab using Guid(ba40a60074a505d48b216ebc896c5ca0) Importer(815301076,1909f56bfc062723c751e8b465ee728b)  -> (artifact id: '0c5330f671ecc86c2d4a4227df2ef4fc') in 0.057024 seconds 
========================================================================
Received Import Request.
  Time since last request: 0.000019 seconds.
  path: Assets/StarSparrow/Prefabs/Examples/StarSparrow8.prefab
  artifactKey: Guid(12e2965e034095b40b035c26bdecd5ed) Importer(815301076,1909f56bfc062723c751e8b465ee728b)
Start importing Assets/StarSparrow/Prefabs/Examples/StarSparrow8.prefab using Guid(12e2965e034095b40b035c26bdecd5ed) Importer(815301076,1909f56bfc062723c751e8b465ee728b)  -> (artifact id: 'b8b2f57f4a896bc46eb6656d86e0e07e') in 0.058585 seconds 
========================================================================
Received Import Request.
  Time since last request: 0.000026 seconds.
  path: Assets/StarSparrow/Prefabs/Examples/StarSparrow20.prefab
  artifactKey: Guid(feb130a8adcebe54aa314f58f408c412) Importer(815301076,1909f56bfc062723c751e8b465ee728b)
Start importing Assets/StarSparrow/Prefabs/Examples/StarSparrow20.prefab using Guid(feb130a8adcebe54aa314f58f408c412) Importer(815301076,1909f56bfc062723c751e8b465ee728b)  -> (artifact id: 'bc33d0857c38c4495e532de59a6798ef') in 0.060938 seconds 
========================================================================
Received Import Request.
  Time since last request: 0.000034 seconds.
  path: Assets/StarSparrow/Prefabs/Examples/StarSparrow5.prefab
  artifactKey: Guid(4d54efa43b03b1845b929768cf25e790) Importer(815301076,1909f56bfc062723c751e8b465ee728b)
Start importing Assets/StarSparrow/Prefabs/Examples/StarSparrow5.prefab using Guid(4d54efa43b03b1845b929768cf25e790) Importer(815301076,1909f56bfc062723c751e8b465ee728b)  -> (artifact id: '68698b456c77f8247c9748d4436649e0') in 0.061770 seconds 
========================================================================
Received Import Request.
  Time since last request: 0.000023 seconds.
  path: Assets/StarSparrow/Prefabs/Examples/StarSparrow9.prefab
  artifactKey: Guid(7861019a7b8cb6f4db5310695263b29a) Importer(815301076,1909f56bfc062723c751e8b465ee728b)
Start importing Assets/StarSparrow/Prefabs/Examples/StarSparrow9.prefab using Guid(7861019a7b8cb6f4db5310695263b29a) Importer(815301076,1909f56bfc062723c751e8b465ee728b)  -> (artifact id: '13c2a959dd5581f771aa23846fe1fcc9') in 0.064606 seconds 
========================================================================
Received Import Request.
  Time since last request: 0.000023 seconds.
  path: Assets/StarSparrow/Prefabs/Examples/StarSparrow7.prefab
  artifactKey: Guid(c79905ec17c169a49b75177b6cf0d524) Importer(815301076,1909f56bfc062723c751e8b465ee728b)
Start importing Assets/StarSparrow/Prefabs/Examples/StarSparrow7.prefab using Guid(c79905ec17c169a49b75177b6cf0d524) Importer(815301076,1909f56bfc062723c751e8b465ee728b)  -> (artifact id: '5ded17f65925c850cd3babfaa4d9ff59') in 0.062165 seconds 
========================================================================
Received Prepare
Registering precompiled user dll's ...
Registered in 0.005092 seconds.
Begin MonoManager ReloadAssembly
Native extension for WindowsStandalone target not found
Native extension for Android target not found
Refreshing native plugins compatible for Editor in 0.61 ms, found 3 plugins.
Preloading 0 native plugins for Editor in 0.00 ms.
Mono: successfully reloaded assembly
- Completed reload, in  1.571 seconds
Domain Reload Profiling:
	ReloadAssembly (1573ms)
		BeginReloadAssembly (207ms)
			ExecutionOrderSort (0ms)
			DisableScriptedObjects (11ms)
			BackupInstance (0ms)
			ReleaseScriptingObjects (0ms)
			CreateAndSetChildDomain (57ms)
		EndReloadAssembly (1201ms)
			LoadAssemblies (140ms)
			RebuildTransferFunctionScriptingTraits (0ms)
			SetupTypeCache (369ms)
			ReleaseScriptCaches (2ms)
			RebuildScriptCaches (100ms)
			SetupLoadedEditorAssemblies (526ms)
				LogAssemblyErrors (0ms)
				InitializePlatformSupportModulesInManaged (32ms)
				SetLoadedEditorAssemblies (1ms)
				RefreshPlugins (1ms)
				BeforeProcessingInitializeOnLoad (110ms)
				ProcessInitializeOnLoadAttributes (323ms)
				ProcessInitializeOnLoadMethodAttributes (56ms)
				AfterProcessingInitializeOnLoad (4ms)
				EditorAssembliesLoaded (0ms)
			ExecutionOrderSort2 (0ms)
			AwakeInstancesAfterBackupRestoration (9ms)
Platform modules already initialized, skipping
Refreshing native plugins compatible for Editor in 2.26 ms, found 3 plugins.
Preloading 0 native plugins for Editor in 0.00 ms.
Unloading 2143 Unused Serialized files (Serialized files now loaded: 0)
Unloading 17 unused Assets / (31.8 KB). Loaded Objects now: 2709.
Memory consumption went from 117.4 MB to 117.4 MB.
Total: 3.920400 ms (FindLiveObjects: 0.211600 ms CreateObjectMapping: 0.112600 ms MarkObjects: 3.564900 ms  DeleteObjects: 0.030000 ms)

AssetImportParameters requested are different than current active one (requested -> active):
  custom:video-decoder-ogg-theora: a1e56fd34408186e4bbccfd4996cb3dc -> 
  custom:container-muxer-webm: aa71ff27fc2769a1b78a27578f13a17b -> 
  custom:container-demuxer-webm: 4f35f7cbe854078d1ac9338744f61a02 -> 
  custom:video-encoder-webm-vp8: eb34c28f22e8b96e1ab97ce403110664 -> 
  custom:audio-encoder-webm-vorbis: bf7c407c2cedff20999df2af8eb42d56 -> 
  custom:framework-win-MediaFoundation: 216162199b28c13a410421893ffa2e32 -> 
  custom:container-demuxer-ogg: 62fdf1f143b41e24485cea50d1cbac27 -> 
  custom:video-decoder-webm-vp8: 9c59270c3fd7afecdb556c50c9e8de78 -> 
  custom:audio-decoder-ogg-vorbis: bf7c407c2cedff20999df2af8eb42d56 -> 
========================================================================
Received Import Request.
  Time since last request: 228.808313 seconds.
  path: Assets/StarSparrow/Prefabs/Modules/StarSparrow_Engine.prefab
  artifactKey: Guid(01b4c9caff0ad4d48ac8cb23e89e5224) Importer(815301076,1909f56bfc062723c751e8b465ee728b)
Start importing Assets/StarSparrow/Prefabs/Modules/StarSparrow_Engine.prefab using Guid(01b4c9caff0ad4d48ac8cb23e89e5224) Importer(815301076,1909f56bfc062723c751e8b465ee728b)  -> (artifact id: '83d679a89d61e209c74fb7c5c7dc94f0') in 0.171389 seconds 
========================================================================
Received Import Request.
  Time since last request: 0.000034 seconds.
  path: Assets/StarSparrow/Prefabs/Modules/StarSparrow_Wing_3.prefab
  artifactKey: Guid(53643d8f33e9df94ba733d00e1c6d10c) Importer(815301076,1909f56bfc062723c751e8b465ee728b)
Start importing Assets/StarSparrow/Prefabs/Modules/StarSparrow_Wing_3.prefab using Guid(53643d8f33e9df94ba733d00e1c6d10c) Importer(815301076,1909f56bfc062723c751e8b465ee728b)  -> (artifact id: '6dc8b70d61b2211fde287a9d5915e41d') in 0.085968 seconds 
========================================================================
Received Import Request.
  Time since last request: 0.000039 seconds.
  path: Assets/StarSparrow/Prefabs/Modules/StarSparrow_Plasma.prefab
  artifactKey: Guid(157f084336ed05c45947433542a2eba2) Importer(815301076,1909f56bfc062723c751e8b465ee728b)
Start importing Assets/StarSparrow/Prefabs/Modules/StarSparrow_Plasma.prefab using Guid(157f084336ed05c45947433542a2eba2) Importer(815301076,1909f56bfc062723c751e8b465ee728b)  -> (artifact id: '5c35a9638da389c2c735b43a9d7c5aa8') in 0.084969 seconds 
========================================================================
Received Import Request.
  Time since last request: 0.000030 seconds.
  path: Assets/StarSparrow/Prefabs/Modules/StarSparrow_Wing_2.prefab
  artifactKey: Guid(dde490f5ea9b7d94d9594ec8d6435f29) Importer(815301076,1909f56bfc062723c751e8b465ee728b)
Start importing Assets/StarSparrow/Prefabs/Modules/StarSparrow_Wing_2.prefab using Guid(dde490f5ea9b7d94d9594ec8d6435f29) Importer(815301076,1909f56bfc062723c751e8b465ee728b)  -> (artifact id: '450c7980ab3288c25357af6cb4a6aa71') in 0.087664 seconds 
========================================================================
Received Import Request.
  Time since last request: 0.000024 seconds.
  path: Assets/StarSparrow/Prefabs/Modules/StarSparrow_Wing_2_Mirrored.prefab
  artifactKey: Guid(68009645f1254634c872da28df04bab8) Importer(815301076,1909f56bfc062723c751e8b465ee728b)
Start importing Assets/StarSparrow/Prefabs/Modules/StarSparrow_Wing_2_Mirrored.prefab using Guid(68009645f1254634c872da28df04bab8) Importer(815301076,1909f56bfc062723c751e8b465ee728b)  -> (artifact id: '700a11f228f3061d5a9ec06b2a4d85d3') in 0.079930 seconds 
========================================================================
Received Import Request.
  Time since last request: 0.000035 seconds.
  path: Assets/StarSparrow/Prefabs/Modules/StarSparrow_Thruster.prefab
  artifactKey: Guid(2d009ca22ab0fc141ade283e835e506a) Importer(815301076,1909f56bfc062723c751e8b465ee728b)
Start importing Assets/StarSparrow/Prefabs/Modules/StarSparrow_Thruster.prefab using Guid(2d009ca22ab0fc141ade283e835e506a) Importer(815301076,1909f56bfc062723c751e8b465ee728b)  -> (artifact id: 'ca77995c1bc709daf58cea861b7cddf5') in 0.065880 seconds 
========================================================================
Received Import Request.
  Time since last request: 3.885810 seconds.
  path: Assets/StarSparrow/Prefabs/Modular Examples/StarSparrow2.prefab
  artifactKey: Guid(9049f178339a1ec49b8d10542e9d6787) Importer(815301076,1909f56bfc062723c751e8b465ee728b)
Start importing Assets/StarSparrow/Prefabs/Modular Examples/StarSparrow2.prefab using Guid(9049f178339a1ec49b8d10542e9d6787) Importer(815301076,1909f56bfc062723c751e8b465ee728b)  -> (artifact id: 'b9bab001d0787f8d5270c99c4967519b') in 0.003262 seconds 
========================================================================
Received Import Request.
  Time since last request: 0.000017 seconds.
  path: Assets/StarSparrow/Prefabs/Modular Examples/StarSparrow17.prefab
  artifactKey: Guid(58734c41594668840bd3847f2b5ce512) Importer(815301076,1909f56bfc062723c751e8b465ee728b)
Start importing Assets/StarSparrow/Prefabs/Modular Examples/StarSparrow17.prefab using Guid(58734c41594668840bd3847f2b5ce512) Importer(815301076,1909f56bfc062723c751e8b465ee728b)  -> (artifact id: '30f96af3e5e07e4baeaed5ec0e91c809') in 0.009849 seconds 
========================================================================
Received Import Request.
  Time since last request: 0.000016 seconds.
  path: Assets/StarSparrow/Prefabs/Modular Examples/StarSparrow10.prefab
  artifactKey: Guid(9aeb31f3dfa2d3f41af8ea1b97d4a12c) Importer(815301076,1909f56bfc062723c751e8b465ee728b)
Start importing Assets/StarSparrow/Prefabs/Modular Examples/StarSparrow10.prefab using Guid(9aeb31f3dfa2d3f41af8ea1b97d4a12c) Importer(815301076,1909f56bfc062723c751e8b465ee728b)  -> (artifact id: 'e407a203aa9262f839dfd65f8e7b2f3e') in 0.003186 seconds 
========================================================================
Received Import Request.
  Time since last request: 0.000024 seconds.
  path: Assets/StarSparrow/Prefabs/Modular Examples/StarSparrow9.prefab
  artifactKey: Guid(e47736c9193f7dd4d8dc3eef50ba64c0) Importer(815301076,1909f56bfc062723c751e8b465ee728b)
Start importing Assets/StarSparrow/Prefabs/Modular Examples/StarSparrow9.prefab using Guid(e47736c9193f7dd4d8dc3eef50ba64c0) Importer(815301076,1909f56bfc062723c751e8b465ee728b)  -> (artifact id: '1b860355234c2279064fc5422797313b') in 0.003731 seconds 
========================================================================
Received Import Request.
  Time since last request: 0.000019 seconds.
  path: Assets/StarSparrow/Prefabs/Modular Examples/StarSparrow3.prefab
  artifactKey: Guid(dc92f6c59177d3b48834d869261d80b1) Importer(815301076,1909f56bfc062723c751e8b465ee728b)
Start importing Assets/StarSparrow/Prefabs/Modular Examples/StarSparrow3.prefab using Guid(dc92f6c59177d3b48834d869261d80b1) Importer(815301076,1909f56bfc062723c751e8b465ee728b)  -> (artifact id: '4fb6ca3da145d12c7ba79938b4b1d8a1') in 0.009216 seconds 
========================================================================
Received Import Request.
  Time since last request: 0.000017 seconds.
  path: Assets/StarSparrow/Prefabs/Modular Examples/StarSparrow7.prefab
  artifactKey: Guid(ad19842cc2550fc488240fe1efb03aeb) Importer(815301076,1909f56bfc062723c751e8b465ee728b)
Start importing Assets/StarSparrow/Prefabs/Modular Examples/StarSparrow7.prefab using Guid(ad19842cc2550fc488240fe1efb03aeb) Importer(815301076,1909f56bfc062723c751e8b465ee728b)  -> (artifact id: '4a7b82e69de0a3730a72d72762bf01ff') in 0.003046 seconds 
========================================================================
Received Import Request.
  Time since last request: 0.000020 seconds.
  path: Assets/StarSparrow/Prefabs/Modular Examples/StarSparrow6.prefab
  artifactKey: Guid(38b63c01674358b448b15ee3a56538f5) Importer(815301076,1909f56bfc062723c751e8b465ee728b)
Start importing Assets/StarSparrow/Prefabs/Modular Examples/StarSparrow6.prefab using Guid(38b63c01674358b448b15ee3a56538f5) Importer(815301076,1909f56bfc062723c751e8b465ee728b)  -> (artifact id: 'e3ab464647d55dd785f6f994ed9c5ac9') in 0.003849 seconds 
========================================================================
Received Import Request.
  Time since last request: 0.000013 seconds.
  path: Assets/StarSparrow/Prefabs/Modular Examples/StarSparrow4.prefab
  artifactKey: Guid(4a40092bbc207004fa51b938b96005eb) Importer(815301076,1909f56bfc062723c751e8b465ee728b)
Start importing Assets/StarSparrow/Prefabs/Modular Examples/StarSparrow4.prefab using Guid(4a40092bbc207004fa51b938b96005eb) Importer(815301076,1909f56bfc062723c751e8b465ee728b)  -> (artifact id: '6ed577d13245048e914b58f3c1aefd46') in 0.003409 seconds 
========================================================================
Received Import Request.
  Time since last request: 0.000013 seconds.
  path: Assets/StarSparrow/Prefabs/Modular Examples/StarSparrow5.prefab
  artifactKey: Guid(ec6c320a41b48f448b4f67e0c941f00d) Importer(815301076,1909f56bfc062723c751e8b465ee728b)
Start importing Assets/StarSparrow/Prefabs/Modular Examples/StarSparrow5.prefab using Guid(ec6c320a41b48f448b4f67e0c941f00d) Importer(815301076,1909f56bfc062723c751e8b465ee728b)  -> (artifact id: '7126bbd99856eded74551e4b9c339d84') in 0.003233 seconds 
========================================================================
Received Import Request.
  Time since last request: 9.058464 seconds.
  path: Assets/StarSparrow/Prefabs/BonusContent/Asteroid Lava Red.prefab
  artifactKey: Guid(45b62242ff99b0a48a47f713cd6d1687) Importer(815301076,1909f56bfc062723c751e8b465ee728b)
Start importing Assets/StarSparrow/Prefabs/BonusContent/Asteroid Lava Red.prefab using Guid(45b62242ff99b0a48a47f713cd6d1687) Importer(815301076,1909f56bfc062723c751e8b465ee728b)  -> (artifact id: '25353c78dc1236172ce595c0e5ab24bf') in 0.012752 seconds 
========================================================================
Received Import Request.
  Time since last request: 0.000013 seconds.
  path: Assets/StarSparrow/Prefabs/BonusContent/Flying Insect.prefab
  artifactKey: Guid(6807a4fbab15c3444aa44ff82bcbe872) Importer(815301076,1909f56bfc062723c751e8b465ee728b)
Start importing Assets/StarSparrow/Prefabs/BonusContent/Flying Insect.prefab using Guid(6807a4fbab15c3444aa44ff82bcbe872) Importer(815301076,1909f56bfc062723c751e8b465ee728b)  -> (artifact id: 'c1a9ab3b4ef41a7b17b888bb591e3b8d') in 0.030554 seconds 
========================================================================
Received Import Request.
  Time since last request: 0.000014 seconds.
  path: Assets/StarSparrow/Prefabs/BonusContent/Mine Sample 1.prefab
  artifactKey: Guid(5f7d5f60379571b4ab916f85aae80a71) Importer(815301076,1909f56bfc062723c751e8b465ee728b)
Start importing Assets/StarSparrow/Prefabs/BonusContent/Mine Sample 1.prefab using Guid(5f7d5f60379571b4ab916f85aae80a71) Importer(815301076,1909f56bfc062723c751e8b465ee728b)  -> (artifact id: '64fb15ae6c403e10e57f97f7efb503b9') in 0.031879 seconds 
========================================================================
Received Import Request.
  Time since last request: 0.000019 seconds.
  path: Assets/StarSparrow/Prefabs/BonusContent/Missile.prefab
  artifactKey: Guid(8b227e0429c621940acb9e2e8d18d12f) Importer(815301076,1909f56bfc062723c751e8b465ee728b)
Start importing Assets/StarSparrow/Prefabs/BonusContent/Missile.prefab using Guid(8b227e0429c621940acb9e2e8d18d12f) Importer(815301076,1909f56bfc062723c751e8b465ee728b)  -> (artifact id: '6b7ab2cb9f8fc4cad3a44699f0298d3c') in 0.034528 seconds 
========================================================================
Received Import Request.
  Time since last request: 12.781792 seconds.
  path: Assets/StarSparrow/Materials/BonusContent/AsteroidsLava_Red.mat
  artifactKey: Guid(816eca2bca813da4883bad3b376c4dbc) Importer(815301076,1909f56bfc062723c751e8b465ee728b)
Start importing Assets/StarSparrow/Materials/BonusContent/AsteroidsLava_Red.mat using Guid(816eca2bca813da4883bad3b376c4dbc) Importer(815301076,1909f56bfc062723c751e8b465ee728b)  -> (artifact id: 'c92dc419a015b76c43c2302703dad516') in 0.026321 seconds 
========================================================================
Received Import Request.
  Time since last request: 0.000012 seconds.
  path: Assets/StarSparrow/Materials/BonusContent/ColorsAtlas.mat
  artifactKey: Guid(00eaf01308024044aaffab04875e1397) Importer(815301076,1909f56bfc062723c751e8b465ee728b)
Start importing Assets/StarSparrow/Materials/BonusContent/ColorsAtlas.mat using Guid(00eaf01308024044aaffab04875e1397) Importer(815301076,1909f56bfc062723c751e8b465ee728b)  -> (artifact id: '932fb8aece51677c9fd3cf0aa06e7c85') in 0.040843 seconds 
========================================================================
Received Import Request.
  Time since last request: 0.000019 seconds.
  path: Assets/StarSparrow/Materials/BonusContent/Bomb.mat
  artifactKey: Guid(2d81e0bd71e79784199dbdf6880a51e6) Importer(815301076,1909f56bfc062723c751e8b465ee728b)
Start importing Assets/StarSparrow/Materials/BonusContent/Bomb.mat using Guid(2d81e0bd71e79784199dbdf6880a51e6) Importer(815301076,1909f56bfc062723c751e8b465ee728b)  -> (artifact id: '2e71b289b327572594c1de171b858711') in 0.025845 seconds 
========================================================================
Received Import Request.
  Time since last request: 0.000017 seconds.
  path: Assets/StarSparrow/Materials/BonusContent/FlyingInsect_Purple.mat
  artifactKey: Guid(cb69702e662a4114aa3a332d2da74996) Importer(815301076,1909f56bfc062723c751e8b465ee728b)
Start importing Assets/StarSparrow/Materials/BonusContent/FlyingInsect_Purple.mat using Guid(cb69702e662a4114aa3a332d2da74996) Importer(815301076,1909f56bfc062723c751e8b465ee728b)  -> (artifact id: 'c06fcfa11bd445b4ee6c97f139dd2404') in 0.050017 seconds 
========================================================================
Received Import Request.
  Time since last request: 0.000023 seconds.
  path: Assets/StarSparrow/Materials/BonusContent/Mine Sample 1.mat
  artifactKey: Guid(82c97815f01775d4899d78255a373dfe) Importer(815301076,1909f56bfc062723c751e8b465ee728b)
Start importing Assets/StarSparrow/Materials/BonusContent/Mine Sample 1.mat using Guid(82c97815f01775d4899d78255a373dfe) Importer(815301076,1909f56bfc062723c751e8b465ee728b)  -> (artifact id: '100d777a60d9e39783515ac243250dc5') in 0.009319 seconds 
========================================================================
Received Import Request.
  Time since last request: 169.134612 seconds.
  path: Assets/Meshes/BonusContent/Clouds.FBX
  artifactKey: Guid(39cdb5f1ef2da0b4aa187d9779c3a6e8) Importer(815301076,1909f56bfc062723c751e8b465ee728b)
Start importing Assets/Meshes/BonusContent/Clouds.FBX using Guid(39cdb5f1ef2da0b4aa187d9779c3a6e8) Importer(815301076,1909f56bfc062723c751e8b465ee728b)  -> (artifact id: '7ee5dcd7da42eb336eb194437feb5cba') in 0.045410 seconds 
========================================================================
Received Import Request.
  Time since last request: 0.000017 seconds.
  path: Assets/Meshes/BonusContent/MissilesSample.FBX
  artifactKey: Guid(afbbf42a35d3ca347aea29a1457035cc) Importer(815301076,1909f56bfc062723c751e8b465ee728b)
Start importing Assets/Meshes/BonusContent/MissilesSample.FBX using Guid(afbbf42a35d3ca347aea29a1457035cc) Importer(815301076,1909f56bfc062723c751e8b465ee728b)  -> (artifact id: '0072aa0b56c0adb66c296a0b72d71baa') in 0.054810 seconds 
========================================================================
Received Import Request.
  Time since last request: 0.000027 seconds.
  path: Assets/Meshes/BonusContent/Planet.FBX
  artifactKey: Guid(614d5d16c663aaf4e8a724ee026d8cf0) Importer(815301076,1909f56bfc062723c751e8b465ee728b)
Start importing Assets/Meshes/BonusContent/Planet.FBX using Guid(614d5d16c663aaf4e8a724ee026d8cf0) Importer(815301076,1909f56bfc062723c751e8b465ee728b)  -> (artifact id: 'c1ab0f01aaef3f637cf80e5f227da520') in 0.061446 seconds 
========================================================================
Received Import Request.
  Time since last request: 0.000022 seconds.
  path: Assets/Meshes/BonusContent/FlyingInsects3_Wing4.FBX
  artifactKey: Guid(bb401a4b2f241b54f904ccba8227557f) Importer(815301076,1909f56bfc062723c751e8b465ee728b)
Start importing Assets/Meshes/BonusContent/FlyingInsects3_Wing4.FBX using Guid(bb401a4b2f241b54f904ccba8227557f) Importer(815301076,1909f56bfc062723c751e8b465ee728b)  -> (artifact id: 'b8e599a6c368cf1fdc19a81075923268') in 0.042819 seconds 
========================================================================
Received Import Request.
  Time since last request: 0.000022 seconds.
  path: Assets/Meshes/BonusContent/FlyingInsects3_Wing3.FBX
  artifactKey: Guid(b194a334c875d914aa66569a0a81be6c) Importer(815301076,1909f56bfc062723c751e8b465ee728b)
Start importing Assets/Meshes/BonusContent/FlyingInsects3_Wing3.FBX using Guid(b194a334c875d914aa66569a0a81be6c) Importer(815301076,1909f56bfc062723c751e8b465ee728b)  -> (artifact id: '1aed804d80931d35d81d8930512490e6') in 0.043957 seconds 
========================================================================
Received Import Request.
  Time since last request: 0.000017 seconds.
  path: Assets/Meshes/BonusContent/FlyingInsects3_Wing1.FBX
  artifactKey: Guid(c121b1640d073a14382ea0f68499c85e) Importer(815301076,1909f56bfc062723c751e8b465ee728b)
Start importing Assets/Meshes/BonusContent/FlyingInsects3_Wing1.FBX using Guid(c121b1640d073a14382ea0f68499c85e) Importer(815301076,1909f56bfc062723c751e8b465ee728b)  -> (artifact id: 'd68e4b4b23ee9a72d2a9f3d80fb65714') in 0.016557 seconds 
